Tessitura Eterica 27678
Infinito Vento 27478
Spettro del Deserto 26906
Bonidramo Lito 26599
Trombonemaggiolino Mania 26473
Cotone Bruciato 26245
Dardo di Magia 26065
Limone Disperato 26052
Sicketorri Bello 26046
Cangurini Banana Ombrelloni 26039
Forza della Fiamma 25850
Mabellico Fino 25827
Violafarfalla Ansietà 25750
Fata della Notte 25607
Illusione Infinita 25434
Sedia Pazza 25341
Terra Abissale 25317
Pollo Elettrico 25255
Clarimaggiolino Follia 25199
Ombra di Speranza 25174
Onactino Alto 25109
Tonsilliteravanello Agata Verde 25042
Teglia Nervosa 25015
Camparicalo Lava 24979
Spirale Infinita 24979
Banjoragno Frustrazione 24929
Rachiticetriolo Selenite 24814
Spritzinfluenza Tempesta 24814
Canto Balordo 24773
Mago della Fiamma 24619
Anistonimbuto Temporale 24592
Affamato Cavatappone 24544
Crostino Furioso 24467
Contrabbassozanzara Eccitazione 24409
Violapulce Confusione 24379
Lucertolino Lampone Grattacielo 24352
DiCapriopentolino Goccia 24264
Frogolino Festoso 24247
Lir Lì Lar Là 24246
Uccellino Melone Finestra 24230
Tempesta Eterna 24150
Cieloscuri 24142
Polpettino Mango Aspiratore 24051
Riflesso di Speranza 23958
Giraffa Celeste 23931
Pianozanzara Depressione 23910
Spirito della Montagna 23834
Gagalattiera Tornado 23818
Keanugrattugia Tempesta 23750
Sospeso nel Vuoto 23728
Futuranzano Verde 23661
Cinetesco Largo 23649
Abisso di Cera 23636
Radice Sonora 23617
Riflessione Oscura 23565
Drumtromba Chiara 23493
Coraggio Selvatico 23475
Beyoncepentola Grandinata 23462
Vita Perduta 23446
Acquacholera Fumo 23442
Vortice Gentile 23430
Caverna dell'Anima 23363
Melodia di Cristallo 23357
Belimatalo Solido 23254
Epatiticarota Sodalite 23192
Fungo Erotico 23157
Raggio di Speranza 23155
Mandolinogriglia Euforia 23153
Fiamma dell'Anima 23106
Poesia Tormentata 23054
Tappeto Sussurrante 23051
Lirabaco Ansietà 23037
Umile Candelabroccio 23033
Coccodrillino Cocco Lavatrice 23010
Memoria Nebulosa 22952
Risottorabbia Giallo 22929
Ippopotamino Uva Stendino 22924
Ruggito Selvaggio 22921
Billiegrattino Vento 22912
Incanto della Luna 22899
Paintito Della Brush 22874
Raggio di Luna 22782
Mononucleamenta Gesso 22743
Cappuccino Assassino 22650
Tromboncicala Follia 22645
Ombra Magica 22642
Elefantino Cocco Culla 22633
Luna Scintillante 22618
Madoka Magiquita 22605
Viscera Tenerina 22594
Violonottola Ansietà 22556
Battanzaro Zitto 22544
Pizza Onirica 22538
Tagliatellatimore Rosso 22537
Limoncellobotta Tuono 22529
Rockspremiaglio Fulmine 22482
Sicaspino Malato 22454
Crepuscolo Elettrico 22388
Flaminaro Fuoco 22357
Pennello Nervoso 22336
Angoscia della Notte 22323
Lasagnapaura Turchese 22316
Cavallo Drago Litchi Ventilatore 22314
Violonottola Panico 22306
Cuore di Magia 22293
Ombra Viscosa 22290
Pannacottarabbia Viola 22274
Cappello Matto 22191
Bittervaiolo Fumo 22049
Risottopassione Rosso 21996
Salame Solare 21989
Streepfiltro Nebbiolina 21985
Solitudine Grigia 21968
Fiume di Sogni 21946
Morsa Elettrica 21936
Mandolinaragno Rabbia 21921
Tralalero Tralalá 21912
Pellicano Mirtillo Termometro 21866
Creatura di Speranza 21839
Fisarmonicamosca Delirio 21802
Frammento Etereo 21792
Vento Arcoirizzato 21791
Actira Pasta 21773
Zendeaffetta Burrasca 21770
Utopia Oscura 21768
Broncoprosciutto Ametista 21752
Vento Speziato 21749
Furioso Pallonaccio 21736
Cantacacca Strozzaforte 21712
Deartetto Sogno 21698
Luna dell'Anima 21678
Mare Senza Fine 21676
Ulcerabietola Ametista 21645
Terra delle Sirene 21630
Battellore Forte 21615
Sussurro Pagano 21541
Incanto Cosmico 21527
Bombardiro Crocodilo 21508
Fiamma di Morte 21505
Orticchicoria Agata 21498
Panterotto Uva Ferro 21497
Pellicano Mango Proiettore 21476
Spirito di Luce 21476
Tempesta della Luce 21471
Melodia Schiuma 21445
Ombra di Vento 21444
Tromalino Tetto 21434
Cavallini Cocco Coltello 21433
Tamburoneape Nostalgia 21391
Calamaio Selvaggio 21341
Spirale di Luna 21305
Vinosofferenza Ghiaccio 21305
Elefantini Kiwi Tagliere 21274
Delfinetto Papaya Secador 21271
Sambucafebbre Ghiaccio 21203
Bombard Bombardo Ballerina Cappuccina No No No Espressor Ballerina Cappuccino No no no Espressor Frigo 21191
Bassocicala Follia 21179
Flamiro Cissimo 21139
Piuma Ribelle 21139
Keanuaffettatrice Fulmine 21132
Vasca Stonata 21128
Pianolibellula Isteria 21121
Draghetto Uva Catapulta 21112
Malariarucola Granato 21067
Canto Selvaggio 21052
Rinoceronte Lampone Martello 21042
Actisucchio Veloce 21034
Chitaracicada Frustrazione 21030
Torsione Dolce 21024
Salmonellapomodori Diaspro Verde 20970
Foglia Stonata 20966
Artritemais Giada 20963
Morbiocarciofo Diaspro 20923
Pofunghetto Funghi 20914
Coccodrillino Mora Radioregistratore 20906
Fiato Meccanico 20881
Flautobombo Disperazione 20865
Mago di Tempesta 20824
DiCaprioscolapasta Fuliggine 20818
Coccodrillino Pera Pentola 20817
DiCapriomestolo Gelo 20808
Tagliatellatensione Grigio 20804
Sogno Sonoro 20790
Ombra di Cera 20788
Gradetino Facile 20726
Pulsarina Ribelle 20710
Marea Volubile 20688
Piuma Stonata 20682
Canto Dissonante 20669
Limonitisole Lava 20661
Dwaynemacchina Nebbia 20654
Xilobrunella Rabbia 20648
Sogno di Luce 20586
Flamano Rino 20574
Nebbia Sospesa 20540
Cornoscarabeo Terrore 20530
Febbrucarota Quarzo 20529
Elefantino Pera Telefono 20524
Anatra Collante 20501
Pancreatinastro Pirite 20479
Limoncelloraggia Fulmine 20477
Deppforchetta Fulmine 20474
Draghetto Uva Portone 20467
Asbestocavolo Ematite Blu 20448
Cornoragno Delirio 20428
Spazzola Cuore 20411
Ladybollitore Grandinata 20367
Colore Tremendo 20361
Cinenino Bambino 20346
Pastatimore Notturno 20303
Slanciato Schiaccianocce 20303
Jolieimbuto Bruma 20294
Pasticcio Gelato 20264
Stella Impazzita 20240
Palude Incantata 20230
Mojitocoriaceo Tuono 20225
Clozucchino Temporale 20209
Sitarlibellula Felicità 20202
Todiratta Gustosa 20172
Requiem Mistico 20163
Chinottomalaria Tempesta 20142
Braciola Mistica 20127
Vento Tempestoso 20073
Coccodrillino Mela Trombetta 20058
Ombra della Fiamma 20056
Gioioso Catenaccione 20042
Cammello Banana Cavatappi 20036
Caffè Saltellante 20028
Angelinagrattugia Nubifragio 20022
Nervoso Barilaccio 20011
Arancinirabbia Rosso 19995
Frammento Urgente 19992
Risotto Piangente 19990
Bailarina Cappuccina 19963
Magia Perduta 19954
Cristallo Furioso 19918
Lamento Cosmico 19910
Infinito Raggio 19878
Risata Notturna 19873
Caffetremore Lava 19855
Arpazanzara Panico 19847
Orsettini Cocco Cacciavite 19841
Magia Interiore 19820
Lupo Melone Tromba 19792
Mente Astratta 19788
Polentapaura Marrone 19779
Tempesta Interiore 19774
Alba Ruggente 19740
Ballata Eterea 19719
Camparitubercolosi Bruma 19701
Orso Banana Forno 19684
Trampo Pasticcio 19671
Paint Melodia 19667
Armonicabruco Tristezza 19666
Bre Patapim 19649
Felice Bracciolone 19644
Pittmestolo Neve 19627
Espressovampata Fumo 19619
Drummolano Grande 19615
Rantoloso Raccoglitutto 19611
Tamburettolocusta Frustrazione 19610
Grappareumore Fiamma 19600
Marmitta Cantante 19598
Scimmione Uva Forchettone 19592
Essenza Bizzarra 19581
Br Br Br Patapim 19573
Magia della Luna 19565
Cielo Strano 19551
Cuscino Volante 19538
Berber Patapim 19516
Xilofarfalla Estasi 19502
Cavallo Pera Proiettore 19488
Tigrotto Pesca Bicchiere 19449
Coraggioso Televisorino 19445
Diarreamandarino Magnetite 19440
Flautopidocchio Ossessione 19433
Vento Tormentato 19430
Caotico Zampillaccio 19426
Anima Collosa 19423
Varicelzucchina Tormalina 19412
Cannellinimelancolia Azzurro 19409
Tum Tum Tum Sahur 19401
Ombra Speziata 19390
Bruma Flessibile 19342
Lattonzuffo Martellazzo 19295
Ninna Anarchica 19272
Stridulo Bidonaccio 19264
Espressor Ballerina Cappuccino 19245
Arpacimice Nevrosi 19237
Tetanocipolla Lapislazzuli 19224
Biscotto Tristezza 19221
Cacciatorenvidia Verde 19220
Elefante nel Deserto 19218
Cacto Ippopotamo 19171
Xilobrucolo Euforia 19171
Trambisotto Fritto 19148
Ombra Fragile 19117
Cavallone Lampone Termosifone 19107
Goccia Gelata 19095
Luce Rossa 19055
Elonmestolino Fuliggine 19042
Cinghialino Mango Tostapane 19024
Bretanello Noce 19011
Epilessibroccolo Tormalina Nera 19011
Arancia Melodica 19001
Spirito di Guerra 18992
Covidporro Ossidiana 18980
Dentistrullo Mandibaccio 18965
Incubo di Magia 18944
Biscotto Rumoroso 18941
Macellobaffa Squartino 18939
Paizuchino Dolce 18930
Anistonteglia Rugiada 18914
Squilibrato Polpettario 18907
Cristallo Spento 18893
Tormento Astrale 18874
Frangia Cosmica 18848
Scabbiafagiolo Labradorite 18829
Tiramifunebre Nero 18800
Negronistanchezza Roccia 18781
Magia del Silenzio 18777
Pianopulce Delirio 18777
Carbonaranoia Viola 18755
Polvere Alchemica 18744
Sick Peperone 18735
Pittscodella Nevischio 18725
Forza Cosmica 18721
Timodino Tino 18700
Vinoscarlattite Roccia 18698
Cuore di Ombra 18669
Bassobruco Confusione 18666
Brasilini Birimini 18652
Bruschettasdegno Viola 18652
Ippopotamo Uva Televisori 18642
Teetubercolosole Vento 18635
Aria Fragorosa 18578
Crespellansia Grigio 18557
Fisboletti Lino 18521
Mandolinomosca Noia 18386
Amaronemorbillo Fiamma 18385
Gatto Cosmico 18383
Fiamma Solitaria 18305
Verrucalimone Peridoto 18305
Bramoso Coperchione 18300
Amaronetosse Lava 18297
Ballerina Ballerina Capuccina 18290
Goccia Cannibale 18268
Deppmestolo Fuliggine 18213
Capra Cocco Tavolino 18180
Mandolinofarfalla Estasi 18178
Colitefinocchio Quarzo Rosa 18153
Violavermetta Nevrosi 18151
Brusco Zainaccino 18149
Stomatitedattero Pirite Rossa 18140
Insetto Astrale 18135
Tifocardo Ferrosite 18130
Cidrosarsene Tempesta 18100
Bonito Pomodoro 18087
Encefalitebarbabietola Zaffiro 18078
Lentezza Ribollita 18065
Pittfrullatore Nebbia 18062
Pantera Ananas Pannello 18053
Gabonino Volante 18047
Morbillolattuga Tanzanite 18047
Finto Martellaccio 18001
Ombra dell'Anima 17959
Cuore Mutevole 17943
Fenicottero Fragola Piumone 17939
Nodo Lunare 17928
Zendayagrattugia Grandine 17921
Ombra Eterna 17919
Caffesifilide Lava 17910
Bigtellina Piccola 17901
Spirale Bianca 17886
Cervo Cocco Coppa 17880
Lasagnatriste Verde 17812
Brivido Soffice 17798
Scarlattirapano Olivina 17785
Pompilastro Fegatone 17762
Pockletto Crocco 17742
Herpescicoria Zaffiro 17736
Herpesporro Calcite Rosa 17718
Tenda Vagabonda 17709
Tamburoscarabeo Confusione 17708
Birraterrore Tuono 17702
Coda del Fato 17684
Nuvola Croccante 17651
Ridente Pungiglionaccio 17641
Chinottorrea Roccia 17637
Spritzorzite Fulmine 17622
Mojitoconvulsione Fiamma 17602
Oboemantide Isteria 17553
Beyspatola Temporale 17532
Brullo Cassonettone 17506
Potere di Guerra 17489
Cornobruco Tristezza 17480
Mojitotifo Ghiaccio 17457
Cagnolino Kiwi Frigorifero 17451
Gessatorrendo Scracchino 17443
Airone Kiwi Macchina 17385
Cammellini Litchi Candelabro 17343
Bianco Profondo 17338
Pianistronzo Notaculato 17315
Ruggente Pennarellone 17293
Dottoscrocco Cacarelli 17242
Cruisezuccheriera Lampo 17189
Carta Bagnata 17177
Gomitolo Cantante 17106
Giocherellone Armadietto 17077
Tipografrana Schizzulone 17073
Pipistrellino Melagrana Bottiglia 17042
Tristezza Eterna 17037
Lampada Gelosia 17023
Pilostrozzo Cacaturbina 17022
Riflesso Turbato 17003
Buttaguai Spargitoro 16977
Scassinoncio Chiavatta 16975
Tamburettomillepiedi Apatia 16971
Vaca Saturno Saturnita 16947
Lasagna Lucida 16942
Cinghialino Uva Pannello Solare 16915
Tic Tac Leine Del Cactus Miuro Crocodilo 16892
Ippopotamino Lampone Camion 16891
Stella Oscura 16877
Birraemorroide Fulmine 16788
Clooneymestolo Lampo 16774
Zendayacoltello Tornado 16771
Ingegnasbaffo Trucchiati 16761
Mirrenfrusta Tifone 16757
Brodo Canterino 16744
Elonzucchino Tifone 16721
Vetraiozitto Urlettone 16721
Sfera Inquieta 16718
Rockpiatto Bruma 16707
Ridicolo Spazzolaccio 16655
Vinobrivido Ghiaccio 16645
Inquieto Stropicciatone 16613
Gastritepomodoro Topazio 16610
Birrapeste Nebbia 16603
Scontroso Pestacarnezzo 16598
Volpe Limone Forchettone 16595
Cavallo Limone Radiatore 16592
Urlaprofumo Mugellone 16567
Volante Tappacchiotto 16557
Ombra del Vuoto 16548
Flycarpino Volante 16544
Cammellino Melagrana Specchio 16542
Cielo di Fuoco 16523
Sogno Perduto 16511
Curvo Cappottone 16509
Tortellinfelicità Nero 16494
Trombonemosca Caos 16483
Itterbambù Argento 16482
Spaghettimisero Grigio 16475
Zuppainvidia Blu 16474
Clarilocusta Tristezza 16460
Arpavermetta Paranoia 16454
Mandria Iperuranica 16448
Calzoneodio Nero 16438
Pavone Melagrana Lanterna 16432
Vinzuccheriera Tempesta 16428
Celere Cintolaccio 16424
Coco Fanto Elefanto 16424
Hemsworthcolino Pioggia 16379
Delfinetto Pera Ventilatore 16377
Radice Oscura 16364
Lama Liquida 16357
Eclisse Infantile 16321
Restapello Stoppo 16299
Vento della Morte 16285
Cuore Distorto 16283
Polline Magico 16276
Pavone Cocco Tappeto 16250
Vendivomito Scassabrutto 16246
Vinoscollera Vento 16239
Mun Elephanti Banuchi 16226
Afflitto Portavivandezzo 16208
Delfino Pera Miscelatore 16201
Raviolifurore Cremisi 16196
Sitarscarabeo Rabbia 16171
Scrivomatto Penacchio 16141
Pocket Tromba 16122
Dubbioso Ombrellaccio 16104
Dermatitedaneto Ambra 16085
Sprumoniustione Fulmine 16065
Birraspossatezza Vento 16062
Gastritipomodoro Larimar 16033
Mozzarella Timida 16030
Minestranostalgia Ruggine 16019
Serpentello Ananas Pennello 16011
Tasso Papaya Ombrellone 16004
Bombini Gusini 15996
Angoscia Cosmica 15987
Panino Confuso 15985
Orticaradicchio Amazzonite 15984
Airone Melagrana Pennello 15956
Tempesta Molle 15947
Cervo Cocco Candelina 15937
Vorace Barattolone 15934
Parrufanfo Testalonzo 15905
Bronchivitepatata Pirite 15863
Eczemasedano Corallo 15823
Cacciatorepaura Marrone 15822
Influzzucchero Diamante 15815
Scorbucetriolo Diaspro 15804
Sacrestonfo Benedacchio 15785
Triste Frigorifettino 15777
Negronibronchite Ciclone 15760
Segnapanza Ruttasquillo 15728
Istrice Melagrana Cuscino 15724
Carciofo Furbetto 15719
Caffemigraine Fulmine 15685
Pastacciere Vomelardo 15681
Fastidioso Saponaccio 15650
Kendriki Bombariro Lamarito 15624
Pungente Arrotinozzo 15584
Strambo Tappettino 15574
Scimmietta Pesca Stendibiancheria 15544
Pizzagioia Rosa 15531
Billieimbuto Foschia 15527
Clarinettoformica Panico 15527
Risottodelirio Verdeacido 15526
Spazzastruzzo Ramazzella 15526
Carpialletto Tronfalone 15483
Cigno Uva Contenitore 15466
Caponatasconfitta Blu 15445
Violastracco Struscione 15437
Bruma Sospesa 15429
Ryancolapasta Caligo 15409
Serpentello Melagrana Contenitore 15408
Crepuscolo Vocale 15391
Sentimento Melodico 15378
Sambucafreddo Ghiaccio 15372
Rihannacoltello Rugiada 15364
Grappatensione Neve 15343
Ruggente Straccettone 15328
Amaronedisagio Fumo 15327
Cacciabuco Tintocchio 15325
Stitichettimo Cristallo 15320
Gorini Banani 15312
Bottone Sognante 15311
Frollo Trinciapizzone 15309
Volta Selvaggia 15303
Bigabbiano Mare 15280
Neve Liquida 15241
Scarpa Lunatica 15207
Spritzapatia Bruma 15203
Flautomoscone Disperazione 15195
Cuocoflato Spizzatone 15191
Grosso Scaldino 15179
Sinusitofava Malachite 15161
Fotopuzzo Lampadaccio 15137
Cocoanto Elephanto 15108
Zucchina Allegra 15081
Eilishteglia Vento 15037
Cielo di Ombra 15022
Donnola Uva Microonde 15006
Orsacchiotto Cocco Ventilatore 14996
Scimmietta Mirtillo Casseruola 14983
Segrestupido Cartoccio 14979
Chimpanzini Banana Capuccino Bona Ambal Bonka Ambulabu 14928
Caffestitichezza Tuono 14926
Slefiorano Soffice 14908
Oca Melagrana Piattaforma 14905
Coniglietto Lampone Frullino 14904
Kidmanmestolo Foschia 14897
Armonicacimice Caos 14881
Joliefrusta Vento 14857
Lacrima Sonora 14852
Teeanemia Vento 14841
Boom Boom Beini Guin 14821
Meschino Lavapiattone 14815
Spazzasputo Canforaccio 14786
Frittatarosica Arancione 14777
Belinello Forte 14770
Oscuro Candeliereccio 14769
Fuoco Gelido 14726
Maialino Maracuja Vassoio 14725
Lasagnacredenza Verde 14724
Truly Truly China Gangster Gangster 14719
Autistofango Baccalunto 14710
Mojitolacrima Roccia 14702
Gnocchicompulsione Verde 14701
Cammello Fragola Teiera 14674
Resgelatino Freddo 14600
Torvo Ventagliaccio 14592
Armonicatarma Stanchezza 14541
Cervo Lampone Calzascarpe 14539
Swiftcavatappi Scirocco 14480
Spumantite Bruma 14466
Canzone Troncata 14462
Leoimbuto Foschia 14421
Focchetta Kiwi Cuscino 14419
Leporino Limone Lampione 14405
Riniteorigano Titanite 14392
Ombrello Salato 14359
Molle Pasticcione 14346
Pipistrello Papaya Altalena 14341
Pinguino Melone Frullatore 14339
Cignolino Fragola Innaffiatoio 14323
Porcellino Uva Tagliere 14306
Resturattino Piccolo 14284
Gattone Fragola Secchiello 14277
Sambucabrivido Neve 14276
Orangutini Anioli 14272
Cortese Innaffiatone 14271
Archetruzzo Piastrolone 14225
Salamandra Mora Portaoggetti 14213
Nevrastenico Cacciavitto 14210
Clarinettoape Mania 14186
Fantasma Dolcezza 14163
Swiftpentolino Neve 14130
Fabbroceffo Puzzalampo 14095
Gnocchidisperazione Grigio 14092
Pavoncello Mela Specchietto 14076
Barbisputa Rasponello 14056
Gabbiano Limone Casco 14055
Gangst Fruteira Criminaleira 14027
Teediabete Tempesta 14013
Cerbiatto Uva Campanello 14006
Frittatrancore Lattiginoso 13996
Tigini Watermeli 13988
Pavone Cocco Candelabro 13977
Pompacchino Sgocciolato 13962
Melanzanapensiero Viola 13942
Fruttoladro Ciufagnone 13936
Wupallo Svegliato 13909
Cucina Saudade 13862
Riccetto Melone Grattugia 13859
Talpa Ananas Cassettiera 13846
Viscido Tegolone 13827
Vinosudorazione Roccia 13789
Sfumato Portone 13774
Wapastellino Leggero 13772
Dergelatono Freddo 13757
Crespellira Fucsia 13721
Pipistrellino Fragola Cucchiaino 13696
Pavone Banana Tovagliolo 13670
Wakinglenticchio 13669
Bom Bom Bom Tigini Watermeli 13666
Salsiccia Fragile 13641
Commersbufa Cartolaccio 13617
Acquapanico Bruma 13597
Rosoliarucola Malachite 13577
Alopeciaspinacio Calcite 13573
Imbianzabozzo Pittocchio 13562
Pavoncello Limone Rubinetto 13539
Hemsworthapriglia Umidità 13511
Candidalenticchia Ematite 13498
Tartaruga Fragola Trombetta 13495
Gorillo Watermelon Drill 13474
Meccatrasto Vongolazzi 13468
Flyalino Vento 13439
Anginamelanzana Smeraldo 13361
Eco Fragola 13359
Snodato Sbucciatorello 13346
Volpino Papaya Ombrello 13342
Gufetto Uva Casco 13291
Cavalluccio Melagrana Portaombrelli 13279
Saturno Saturnita 13269
Rosolialattuga Fluorite 13253
Dispettoso Cricchettino 13196
Topolino Cocco Orologio da Parete 13186
Cacchiallegrone Tegoloso 13180
Fruttavomito Stendipanni 13176
Opossum Fragola Termometro 13171
Paninicuriosità Marrone 13170
Chitarronzo Solfeggione 13164
Violamillepiedi Apatia 13136
Grapparitite Nebbia 13132
Rantolante Vassoiaccio 13113
Cinghialino Limone Teglia 13087
Donnola Melone Piatto 13039
Orsetto Kiwi Secchiello 13024
Cameroscroto Pastonello 12931
Caffedelirio Tuono 12914
Scoiattolo Ananas Tostapane 12900
Gioioso Cappellone 12881
Koala Mango Stampino 12868
Fenicottero Mela Specchietto 12858
Tasso Kiwi Microfono 12794
Bradcoltello Foschia 12787
Falchetto Banana Cassettiera 12731
Pappagallo Cocco Tavola 12656
Stupito Appendicolone 12623
Tubercolspinacio Rubino 12618
Leopardi Grapefruit Tui 12598
Frigo Camelo 12564
Cigno Maracuja Scatola 12557
Porcellino Mango Cavatappi 12557
Piadinapatia Grigia 12532
Peloso Cassettozzo 12512
Lucertola Fragola Apribottiglie 12498
Gelata Pazienza 12473
Tazza Romantica 12451
Castoro Mela Candelabro 12436
Cupo Lucernaccio 12425
Scontroso Lampadario 12364
Malnato Pannolazzo 12362
Gelatotristezza Rosa 12360
Lucertola Mora Aspirapolvere 12356
Gattone Limone Zainetto 12295
Pipistrello Banana Televisore 12290
Pasticcafone Schizzotto 12285
Speziato Frullonaccio 12243
Istrice Papaya Mappamondo 12235
Cavalluccio Mora Ombrello 12219
Fenicottero Mora Cestino 12202
Boom Boom Boom Leopardi Grapefruit Duji 12193
Torrente Imburratorello 12166
Maialino Lampone Scatola 12162
Lercio Secchiellaccio 12105
Tartaruga Cocco Bicicletta 12076
Cornopidocchio Tristezza 12075
Orsetto Mora Macinacaffè 12065
Gattino Mora Cucchiaio 12036
Grappalergia Neve 12034
Cavallino Fragola Timer 12022
Bruschettatensione Verde 12019
Zebrachini Zebra Zebra Zebraini Zip Zip 11980
Anziano Bastonaccio 11938
Cinghialino Mela Forchetta 11929
Cervo Pesca Piatto 11901
Allegro Cuchinello 11892
Tamburo Calante 11873
Leprotto Banana Forbice 11861
Clooneypentola Pioggia 11855
Lemurino Melanzana Forchetta 11833
Tartarughina Banana Secador 11822
Sleepiatto Buono 11785
Cucchiaio Strano 11779
Ranocchio Kiwi Tenda 11770
Bizzarro Forchettone 11766
Scoiattolo Limone Termoventilatore 11726
Sirena Elettrica 11705
Focacciasperanza Azzurro 11687
Rockimbuto Rugiada 11650
Agnolottinostalgia Blu 11641
Postitrullo Letteraccio 11639
Frivolo Stendinaccio 11582
Anatroccolo Papaya Appendiabiti 11579
Bananita Dolphin 11579
Capresesogno Lilla 11558
Saldapuzzo Scorcianotte 11557
Sbuffante Soffiacchiotto 11533
Tarchiato Copribottone 11468
Tramezzindignazione Giallo 11423
Geco Uva Grattugia 11421
Frulli Frullà 11385
Topolino Melagrana Cuscino 11346
Tasso Cocco Contenitore 11319
Allegrotto Strizzapannone 11309
Librastrambo Paginonzo 11293
Salamandrino Limone Frullatore 11286
Pappagallo Mirtillo Lente 11279
Fenicotterino Pera Giradischi 11248
Rihannabicchiere Gelo 11246
Urubini Flamenguini 11224
Buffo Cavatortaccio 11208
Pipistrello Lampone Ventaglio 11208
Leprotto Kiwi Mixer 11206
Nevrile Annusatoreccio 11205
Psoriasicavolo Opale 11187
Marmottino Kiwi Temperamatite 11065
Hippopotamino Lol Giraffe Vest 11042
Salamandrina Kiwi Caricabatteria 11003
Pappagallino Maracuja Piumone 10995
Ghiacciato Bottiglione 10952
Opossum Lampone Bicchiere 10949
Procione Limone Piastrella 10898
Homurita Tempo Magiata 10890
Scoiattolino Maracuja Teglia 10856
Cignolino Mirtillo Lampione 10843
Salamandrina Uva Barattolo 10816
Trippi Troppi Troppa Trippa 10752
Sghembo Zampirone 10736
Gattone Pera Portafoto 10701
Gabbiano Fragola Contenitore 10667
Cavallino Fragola Piuma 10661
Ascaridiasalvia Rodonite 10627
Cavallino Mora Portaocchiali 10624
Confuso Piattone 10610
Anatroccolo Fragola Lampada 10595
Uistitì Ananas Radiatore 10581
Canarino Lampone Carrello 10570
Topolino Papaya Lattina 10545
Annoiato Pentolaccio 10493
Salamandra Melagrana Padella 10476
Bancascemo Fognabrillo 10474
Scostante Grattapiedone 10467
Biscottina Morbida 10464
Pazzo Bacinello 10459
Furetto Maracuja Teglia 10452
Cavallino Uva Proiettore 10444
Gufo Mora Bastone 10398
Puzzolino Banana Coperchio 10377
Maialino Kiwi Pennarello 10346
Tropic e Chipa Vuole Nulla Trippers Trulimero Trulicina Trer Tricina Ile Tin In Piscina Formaggio Sulla Trulla Lima 10280
Capretta Melone Anello 10263
Furetto Lampone Cuscinetto 10228
Severo Divanetto 10209
Minestrasolitudine Turchese 10163
Sprezzante Stendipanni 10154
Melanzanadispetto Nero 10116
Pannacottamore Bianco 10115
Glorbo Frutto Drillo 10070
Bananucci Monkey Monkey Monkeyci 10069
Sottile Frustaccino 10059
Gufo Limone Binocolo 10054
Scoiattolo Banana Vassoio 10053
Castoro Banana Bicchiere 10001
Paffuto Asciugamaccio 9991
Espressopidocchio Fiamma 9975
Trombetta Pigra 9964
Scoiattolo Maracuja Portapenne 9955
Gabbianello Uva Vassoio 9897
Puzzolino Fragola Scatoletta 9889
Stivale Profumato 9876
Gufo Cocco Faretto 9868
Riccio Fragola Spazzola 9867
Falchetto Fragola Cavatappi 9862
Pinguino Mela Copertina 9856
Asmabasilico Onice 9805
Castorino Melagrana Rullo 9768
Fenicottero Melone Filtro 9766
Gabbianotto Lampone Sedia 9738
Tung Tung 9657
Morbido Piumaccio 9642
Procione Pera Borraccia 9593
Ghiro Maracuja Mestolo 9591
Goffo Rubinettozzo 9566
Lucertola Papaya Cucchiaio 9548
Scoiattolino Fragola Ferro da Stiro 9523
Melanita Martinera 9521
Cavalluccio Ananas Tagliere 9517
Rondinella Mela Zuccheriera 9449
Tonto Scarpino 9445
Salamandra Kiwi Portafoglio 9440
Minestrapietà Lilla 9406
Volpetta Limone Ventaglio 9398
Zonzo Pannolaccio 9397
Passerotto Mango Portachiavi 9350
Volpacchiotto Melagrana Stampante 9329
Lupetto Ciliegia Panca 9268
Gattoni Ananas Martellino 9265
Salamandrone Fragola Paletta 9262
Gufo Fragola Carillon 9251
Lunatico Scolabrodetto 9234
Volpina Uva Mascherina 9196
Formichiere Fragola Catino 9194
Makini Banani 9175
Cavalluccio Banana Lanterna 9166
Koala Papaya Scaffale 9159
Sonnolento Scolapastone 9147
Volpetta Lampone Pad 9147
Porcellino Kiwi Bilancia 9145
Porcospino Kiwi Cornice 9142
Capretta Mora Gomitolo 9139
Vetroludo Pannicciotto 9110
Marmotta Melone Macinapepe 9058
Volpacchiotto Papaya Presina 9052
Delfino Ananas Faretto 9023
Giocospuzzo Pallavolazzo 9023
Panemelodia Rosato 9008
Opossum Maracuja Cintura 8950
Bonita Kero Kerita 8939
Topolino Fragola Zainetto 8877
Delfino Banana Mixer 8864
Lemure Fragola Porta 8848
Cavallino Mela Mattarello 8811
Tiramisugratitudine Oro 8807
Gaio Sottobicchierone 8795
Cignolino Lampone Copertina 8721
Istrice Fragola Gabbia 8704
Lombrichino Fragola Rullo 8668
Ghiro Uva Posacenere 8639
Chimpanzini Banani 8627
Opossum Mela Posacenere 8602
Gattino Fragola Cavatappi 8582
Ghiro Melone Cappello 8560
Gatto Mora Tenda 8554
Scoiattolino Lampone Tastiera 8476
Serio Scaffaletto 8383
Cavalluccio Maracuja Bicicletta 8367
Cerbiattino Lampone Timbale 8367
Topino Mora Fermacarte 8354
Pinguino Papaya Vaso 8340
Porcospino Melone Gabbietta 8338
Anatroccolo Melone Triciclo 8309
Saltimboccagratitudine Oro 8305
Geco Papaya Stampante 8281
Pigro Coperlaccio 8266
Maialino Fragola Spremiagrumi 8255
Pipistrellino Fragola Chiavetta 8232
Tartarughino Banana Termos 8194
Cotolettacalma Rosa 8106
Riccetto Mela Orologio 8019
Salamandrina Cocco Manopola 7981
Tortapasione Porpora 7952
Criceto Papaya Dado 7937
Taur Track Bar Track Satalito 7874
Gagaspremilimone Vento 7863
Ghiro Maracuja Specchio 7858
Marmottino Papaya Caricabatterie 7789
Ridondante Gommaccio 7779
Ghiro Papaya Griglia 7768
Bobrito Bondito 7754
Strascicato Fermacapino 7737
Contascorreggia Fattufino 7723
Tranquillo Sgabellino 7630
Misterioso Calzettone 7585
Rondine Fragola Secchiello 7584
Tartarughina Melagrana Gabbia 7483
Canarino Melone Tappeto 7455
Topolino Cocco Dispenser 7414
Gabbiano Uva Pennello 7413
Puzzola Mela Orologio 7393
Anatroccolo Melone Gomitolo 7358
Tromero Trulucina Trulyina 7333
Rotondo Sputacchino 7269
Chicleteira Bicicleteira 7189
Tartarughina Banana Ferro da Stiro 7189
Talpa Fragola Moka 7135
Riccio Uva Ombrellone 7126
Istricino Banana Sedia 7098
Clebomb 7053
Lucertolino Pera Calcolatrice 7042
Gufino Fragola Lampada 7038
Scoiattolo Lampone Stivale 7021
Lucertolino Mora Taglierino 6963
Cavalluccio Mora Vaso 6901
Marmotta Banana Tagliere 6889
Incerto Piumaggione 6886
Pipistrellino Pera Forchettina 6871
Puzzolino Melone Cassetto 6851
Lombrico Melagrana Pennarello 6824
Fiero Portaspazzolino 6667
Scoiattolino Limone Valigia 6649
Donnola Pera Ragnatela 6644
Malamé Amareló 6627
Cerbiatto Uva Orologio 6575
Puzzola Mango Microfono 6449
Bonka Ambalabu 6418
Canarino Melagrana Vaso 6387
Bruschettagratitudine Giallo 6386
Talpino Kiwi Telefono 6373
Cuore Perduto 6295
Allegretto Giraviteccio 6276
Makini Banani Macini Banani Laala Trai Grapefruit Grapefruit 6276
Cavalluccio Mirtillo Spazzolino 6254
Formichino Banana Padella 6239
Furetto Pesca Scopa 6222
Puzzolino Mirtillo Forbice 6213
Timido Candelaccio 6192
Istricino Pera Trappola 6189
Maccherone Calmo 6187
Salamandra Papaya Stendibiancheria 5933
Boom Boom Boom Leonelli Boom Boom Leono 5871
Leprotto Pesca Teiera 5851
Furetto Pera Piatto 5846
Talpina Ananas Scatola 5764
Porcospino Limone Cestino 5762
Bjolesta Venusa 5697
Lucido Tegamino 5643
Leonelli 5482
Formichino Melone Stendino 5342
Gufo Banana Scaffale 5192
Geco Melone Pallone 5164
Ranocchio Mango Lampada 5152
Elegante Cuscinetto 5052
Gracile Spintorello 5005
Spaghetti Spaghett 4883
Bom Bom Spaghetti Twi Spa 4867
Topaccio Uva Fornello 4837
Lombrico Kiwi Ombrello 4760
Strawberry Pe 4487
Sonoro Fermaglietto 4430
Trulimero Trulicina 4426
Toptoby 4363
Gentile Stufino 4318
Bicus Dicus De Bicus De Dicus 4146
Cortissimo Pettinaccio 3870
Slim 3717
Lombrichino Mela Zaino 3642
Calmo Cartellino 3073
Golubro 2947
Penguino Pandakini Banani Panda Banani 2869
Capivarello Cocosini 2701
Penguino Pandakini Banani 2653
Truli Ban Salsiu Salsibou Corriibau 2229
Morbocavolfiore Granato 2120
Octopusinni 2108
Bobr Cossini 1812
Blueberry Octopusini Bloop Bloop Bloop Octopusy 1781
Urbana Legio Morango 1761
Gelato Bomdiorno 1343
Sophiata Tempesta Perdita 1005
Watermelon Wormi 646
Penguino Cocosino 395
