Infinito Vento 41894
Tessitura Eterica 40275
Sicketorri Bello 40192
Dardo di Magia 40024
Bonidramo Lito 39910
Limone Disperato 39800
Forza della Fiamma 39384
Spettro del Deserto 39361
Cotone Bruciato 39329
Trombonemaggiolino Mania 39015
Crostino Furioso 38958
Spirale Infinita 38723
Illusione Infinita 38717
Pollo Elettrico 38435
Onactino Alto 38258
Sedia Pazza 38208
Fata della Notte 38123
Ombra di Speranza 38048
Terra Abissale 37962
Sospeso nel Vuoto 37895
Mabellico Fino 37750
Anistonimbuto Temporale 37684
Gagalattiera Tornado 37637
Canto Balordo 37513
Mago della Fiamma 37371
Melodia di Cristallo 37327
Violafarfalla Ansietà 37317
Affamato Cavatappone 37251
Keanugrattugia Tempesta 37190
Spirito della Montagna 37160
Spritzinfluenza Tempesta 37155
Camparicalo Lava 37133
Clarimaggiolino Follia 37026
Tonsilliteravanello Agata Verde 36876
Fungo Erotico 36867
Uccellino Melone Finestra 36862
Tempesta Eterna 36858
Sicaspino Malato 36709
Riflessione Oscura 36623
Banjoragno Frustrazione 36442
Poesia Tormentata 36400
Violapulce Confusione 36350
Rachiticetriolo Selenite 36268
Cieloscuri 36075
Ombra Viscosa 35849
Caverna dell'Anima 35788
Raggio di Luna 35747
Teglia Nervosa 35716
Beyoncepentola Grandinata 35699
Zendeaffetta Burrasca 35504
DiCapriopentolino Goccia 35330
Vita Perduta 35259
Belimatalo Solido 35234
Mononucleamenta Gesso 35222
Crepuscolo Elettrico 35188
Raggio di Speranza 35139
Cangurini Banana Ombrelloni 35137
Frogolino Festoso 35102
Risottopassione Rosso 35008
Riflesso di Speranza 35005
Incanto della Luna 34927
Lir Lì Lar Là 34922
Pianozanzara Depressione 34921
Ombra Magica 34885
Angoscia della Notte 34846
Epatiticarota Sodalite 34845
Acquacholera Fumo 34831
Ombra di Vento 34766
Broncoprosciutto Ametista 34707
Spirale di Luna 34668
Mare Senza Fine 34545
Vento Arcoirizzato 34474
Lirabaco Ansietà 34412
Rockspremiaglio Fulmine 34396
Memoria Nebulosa 34387
Paintito Della Brush 34387
Solitudine Grigia 34344
Frammento Etereo 34335
Radice Sonora 34331
Vortice Gentile 34319
Abisso di Cera 34021
Battanzaro Zitto 34002
Tagliatellatimore Rosso 34000
Lucertolino Lampone Grattacielo 33919
Pennello Nervoso 33865
Cristallo Furioso 33834
Fisarmonicamosca Delirio 33830
Actisucchio Veloce 33810
Fiamma di Morte 33789
Creatura di Speranza 33778
Sambucafebbre Ghiaccio 33774
Polpettino Mango Aspiratore 33760
Violonottola Panico 33740
Cappello Matto 33739
Lasagnapaura Turchese 33734
Coraggio Selvatico 33710
Keanuaffettatrice Fulmine 33675
Battellore Forte 33647
Violonottola Ansietà 33647
Viscera Tenerina 33572
Luna Scintillante 33541
Cappuccino Assassino 33494
Ladybollitore Grandinata 33493
Umile Candelabroccio 33478
Salmonellapomodori Diaspro Verde 33470
Pianolibellula Isteria 33447
Billiegrattino Vento 33433
Bombard Bombardo Ballerina Cappuccina No No No Espressor Ballerina Cappuccino No no no Espressor Frigo 33416
Morsa Elettrica 33322
Angelinagrattugia Nubifragio 33309
Fiamma dell'Anima 33309
Actira Pasta 33293
Cinenino Bambino 33248
Terra delle Sirene 33227
Sussurro Pagano 33172
Tromboncicala Follia 33112
Artritemais Giada 33075
Incanto Cosmico 33074
Tappeto Sussurrante 33063
Limoncellobotta Tuono 33021
Pannacottarabbia Viola 33021
Cantacacca Strozzaforte 32978
Pizza Onirica 32907
DiCaprioscolapasta Fuliggine 32852
Mandolinaragno Rabbia 32809
Vinosofferenza Ghiaccio 32773
Tempesta della Luce 32744
Madoka Magiquita 32736
Risottorabbia Giallo 32729
Malariarucola Granato 32715
Canto Dissonante 32621
Stella Impazzita 32608
Futuranzano Verde 32572
Luna dell'Anima 32568
Bittervaiolo Fumo 32547
Infinito Raggio 32473
Orticchicoria Agata 32411
Mandolinogriglia Euforia 32374
Magia Perduta 32370
Tagliatellatensione Grigio 32360
Ulcerabietola Ametista 32226
Flaminaro Fuoco 32194
Streepfiltro Nebbiolina 32190
Fiume di Sogni 32188
Drumtromba Chiara 32131
Clozucchino Temporale 32068
Jolieimbuto Bruma 32065
DiCapriomestolo Gelo 31992
Marea Volubile 31963
Contrabbassozanzara Eccitazione 31925
Ruggito Selvaggio 31873
Lamento Cosmico 31848
Pancreatinastro Pirite 31829
Flautobombo Disperazione 31791
Bassocicala Follia 31787
Deppforchetta Fulmine 31778
Requiem Mistico 31764
Cinetesco Largo 31679
Mente Astratta 31679
Limoncelloraggia Fulmine 31665
Cuore di Magia 31646
Canto Selvaggio 31645
Giraffa Celeste 31642
Foglia Stonata 31582
Melodia Schiuma 31474
Asbestocavolo Ematite Blu 31388
Tempesta Interiore 31380
Calamaio Selvaggio 31361
Frammento Urgente 31356
Covidporro Ossidiana 31352
Tetanocipolla Lapislazzuli 31336
Cavallo Drago Litchi Ventilatore 31296
Morbiocarciofo Diaspro 31290
Deartetto Sogno 31246
Risata Notturna 31211
Torsione Dolce 31166
Utopia Oscura 31128
Ballata Eterea 31108
Piuma Ribelle 31103
Magia Interiore 31100
Sogno di Luce 31065
Arancinirabbia Rosso 31037
Arpazanzara Panico 31037
Febbrucarota Quarzo 31034
Pastatimore Notturno 31032
Salame Solare 31005
Ninna Anarchica 30997
Cornoragno Delirio 30962
Pulsarina Ribelle 30928
Varicelzucchina Tormalina 30891
Mojitocoriaceo Tuono 30887
Mago di Tempesta 30852
Coccodrillino Cocco Lavatrice 30851
Ombra della Fiamma 30847
Flautopidocchio Ossessione 30839
Diarreamandarino Magnetite 30829
Polvere Alchemica 30709
Chitaracicada Frustrazione 30708
Furioso Pallonaccio 30706
Sogno Sonoro 30702
Xilobrunella Rabbia 30679
Fiato Meccanico 30653
Spirito di Guerra 30631
Vasca Stonata 30613
Tamburettolocusta Frustrazione 30582
Bombardiro Crocodilo 30541
Todiratta Gustosa 30529
Pianopulce Delirio 30517
Vento Tormentato 30477
Beyspatola Temporale 30476
Flamiro Cissimo 30469
Alba Ruggente 30436
Goccia Cannibale 30425
Anatra Collante 30364
Sick Peperone 30341
Tamburoneape Nostalgia 30335
Polentapaura Marrone 30328
Cuore di Ombra 30325
Ombra dell'Anima 30297
Panterotto Uva Ferro 30218
Draghetto Uva Catapulta 30167
Dentistrullo Mandibaccio 30043
Piuma Stonata 30004
Flamano Rino 29997
Vento Speziato 29975
Tralalero Tralalá 29964
Arpacimice Nevrosi 29953
Magia della Luna 29953
Nebbia Sospesa 29953
Ombra Fragile 29943
Caffetremore Lava 29906
Cornoscarabeo Terrore 29898
Coda del Fato 29863
Cuore Mutevole 29848
Fisboletti Lino 29815
Incubo di Magia 29766
Armonicabruco Tristezza 29702
Chinottomalaria Tempesta 29688
Teetubercolosole Vento 29685
Tum Tum Tum Sahur 29676
Braciola Mistica 29651
Espressovampata Fumo 29625
Pofunghetto Funghi 29611
Forza Cosmica 29605
Essenza Bizzarra 29577
Gradetino Facile 29575
Coccodrillino Mora Radioregistratore 29536
Paint Melodia 29509
Camparitubercolosi Bruma 29482
Ombra di Cera 29463
Grappareumore Fiamma 29443
Spirito di Luce 29424
Magia del Silenzio 29418
Epilessibroccolo Tormalina Nera 29410
Crespellansia Grigio 29380
Pasticcio Gelato 29372
Tormento Astrale 29356
Slanciato Schiaccianocce 29354
Cacciatorenvidia Verde 29347
Colore Tremendo 29321
Cruisezuccheriera Lampo 29296
Risotto Piangente 29282
Tristezza Eterna 29254
Biscotto Rumoroso 29239
Scabbiafagiolo Labradorite 29223
Cuscino Volante 29176
Ombra Eterna 29109
Negronistanchezza Roccia 29096
Cielo Strano 29063
Oboemantide Isteria 29047
Carbonaranoia Viola 29031
Spazzola Cuore 28982
Coccodrillino Pera Pentola 28978
Drummolano Grande 28971
Ippopotamino Uva Stendino 28965
Draghetto Uva Portone 28952
Tiramifunebre Nero 28894
Pittmestolo Neve 28863
Encefalitebarbabietola Zaffiro 28860
Deppmestolo Fuliggine 28827
Caffesifilide Lava 28795
Xilofarfalla Estasi 28754
Goccia Gelata 28737
Mojitotifo Ghiaccio 28712
Zendayagrattugia Grandine 28700
Bruma Flessibile 28673
Pellicano Mirtillo Termometro 28652
Limonitisole Lava 28644
Ombra Speziata 28631
Amaronemorbillo Fiamma 28559
Tigrotto Pesca Bicchiere 28526
Mojitoconvulsione Fiamma 28504
Aria Fragorosa 28462
Stomatitedattero Pirite Rossa 28443
Anima Collosa 28419
Nervoso Barilaccio 28386
Nodo Lunare 28377
Biscotto Tristezza 28346
Insetto Astrale 28324
Cidrosarsene Tempesta 28315
Colitefinocchio Quarzo Rosa 28311
Spritzorzite Fulmine 28268
Dwaynemacchina Nebbia 28261
Fiamma Solitaria 28238
Macellobaffa Squartino 28236
Cavallini Cocco Coltello 28219
Lupo Melone Tromba 28149
Frangia Cosmica 28143
Clooneymestolo Lampo 28134
Pittscodella Nevischio 28132
Sogno Perduto 28106
Amaronetosse Lava 28095
Morbillolattuga Tanzanite 28079
Palude Incantata 28052
Cornobruco Tristezza 28004
Stridulo Bidonaccio 27979
Bailarina Cappuccina 27976
Bruschettasdegno Viola 27960
Elefantino Cocco Culla 27943
Herpesporro Calcite Rosa 27935
Berber Patapim 27934
Coccodrillino Mela Trombetta 27882
Mandolinofarfalla Estasi 27824
Birraterrore Tuono 27818
Squilibrato Polpettario 27816
Verrucalimone Peridoto 27799
Vento Tempestoso 27739
Timodino Tino 27737
Tifocardo Ferrosite 27726
Pittfrullatore Nebbia 27716
Caffè Saltellante 27712
Paizuchino Dolce 27704
Anistonteglia Rugiada 27699
Pipistrellino Melagrana Bottiglia 27672
Violavermetta Nevrosi 27659
Bretanello Noce 27625
Cannellinimelancolia Azzurro 27606
Caotico Zampillaccio 27592
Sitarlibellula Felicità 27558
Luce Rossa 27545
Marmitta Cantante 27528
Espressor Ballerina Cappuccino 27523
Gabonino Volante 27457
Arpavermetta Paranoia 27256
Herpescicoria Zaffiro 27247
Gomitolo Cantante 27172
Pianistronzo Notaculato 27099
Buttaguai Spargitoro 27071
Scarlattirapano Olivina 27046
Gioioso Catenaccione 27038
Rinoceronte Lampone Martello 27015
Mandolinomosca Noia 26989
Coraggioso Televisorino 26966
Riflesso Turbato 26960
Cristallo Spento 26955
Lattonzuffo Martellazzo 26946
Pompilastro Fegatone 26931
Rantoloso Raccoglitutto 26902
Bre Patapim 26901
Mirrenfrusta Tifone 26878
Stella Oscura 26875
Br Br Br Patapim 26845
Clarinettoformica Panico 26841
Bassobruco Confusione 26787
Gatto Cosmico 26781
Potere di Guerra 26776
Lampada Gelosia 26742
Scassinoncio Chiavatta 26740
Pantera Ananas Pannello 26736
Elonzucchino Tifone 26708
Vinzuccheriera Tempesta 26614
Vetraiozitto Urlettone 26601
Trampo Pasticcio 26508
Inquieto Stropicciatone 26503
Cuore Distorto 26487
Spirale Bianca 26468
Brivido Soffice 26461
Flautomoscone Disperazione 26457
Pellicano Mango Proiettore 26449
Bramoso Coperchione 26427
Risottodelirio Verdeacido 26427
Sitarscarabeo Rabbia 26389
Sfera Inquieta 26354
Elonmestolino Fuliggine 26318
Birrapeste Nebbia 26316
Bianco Profondo 26300
Arancia Melodica 26234
Influzzucchero Diamante 26218
Ridente Pungiglionaccio 26185
Trombonemosca Caos 26178
Mandria Iperuranica 26170
Eilishteglia Vento 26169
Xilobrucolo Euforia 26150
Delfinetto Papaya Secador 26088
Eczemasedano Corallo 26076
Chinottorrea Roccia 25995
Tamburettomillepiedi Apatia 25986
Ballerina Ballerina Capuccina 25960
Scontroso Pestacarnezzo 25933
Tipografrana Schizzulone 25925
Vinoscollera Vento 25817
Polline Magico 25757
Spaghettimisero Grigio 25751
Lama Liquida 25733
Cammello Banana Cavatappi 25719
Vendivomito Scassabrutto 25711
Orsettini Cocco Cacciavite 25651
Barbisputa Rasponello 25645
Vinobrivido Ghiaccio 25591
Pilostrozzo Cacaturbina 25590
Swiftpentolino Neve 25575
Calzoneodio Nero 25569
Clarilocusta Tristezza 25561
Brasilini Birimini 25559
Bonito Pomodoro 25524
Cinghialino Mango Tostapane 25514
Birraemorroide Fulmine 25496
Scimmione Uva Forchettone 25494
Tamburoscarabeo Confusione 25479
Finto Martellaccio 25477
Raviolifurore Cremisi 25475
Vento della Morte 25475
Bigtellina Piccola 25468
Tromalino Tetto 25467
Ombra del Vuoto 25457
Radice Oscura 25336
Brusco Zainaccino 25331
Caffemigraine Fulmine 25298
Zendayacoltello Tornado 25273
Eclisse Infantile 25245
Swiftcavatappi Scirocco 25224
Cavallo Pera Proiettore 25184
Ryancolapasta Caligo 25133
Flycarpino Volante 25114
Dottoscrocco Cacarelli 25094
Serpentello Ananas Pennello 25090
Caponatasconfitta Blu 25062
Orso Banana Forno 25039
Gastritipomodoro Larimar 25018
Pockletto Crocco 25009
Elefantini Kiwi Tagliere 24954
Lasagna Lucida 24936
Panino Confuso 24893
Gastritepomodoro Topazio 24877
Cielo di Fuoco 24871
Gessatorrendo Scracchino 24868
Fastidioso Saponaccio 24866
Sprumoniustione Fulmine 24860
Negronibronchite Ciclone 24847
Elefante nel Deserto 24840
Carta Bagnata 24839
Lentezza Ribollita 24758
Rockpiatto Bruma 24752
Ridicolo Spazzolaccio 24741
Armonicacimice Caos 24702
Dispettoso Cricchettino 24608
Elefantino Pera Telefono 24600
Ruggente Pennarellone 24581
Volta Selvaggia 24581
Sinusitofava Malachite 24528
Tempesta Molle 24507
Bombini Gusini 24504
Crepuscolo Vocale 24503
Scimmietta Pesca Stendibiancheria 24498
Felice Bracciolone 24495
Hemsworthcolino Pioggia 24491
Spazzastruzzo Ramazzella 24485
Zuppainvidia Blu 24480
Dubbioso Ombrellaccio 24474
Angoscia Cosmica 24434
Trambisotto Fritto 24408
Scrivomatto Penacchio 24402
Cacciatorepaura Marrone 24395
Lasagnatriste Verde 24364
Afflitto Portavivandezzo 24351
Segnapanza Ruttasquillo 24271
Mojitolacrima Roccia 24242
Fuoco Gelido 24232
Brodo Canterino 24220
Tortellinfelicità Nero 24209
Nuvola Croccante 24200
Tic Tac Leine Del Cactus Miuro Crocodilo 24200
Grappatensione Neve 24168
Minestranostalgia Ruggine 24163
Stitichettimo Cristallo 24131
Serpentello Melagrana Contenitore 24067
Billieimbuto Foschia 24020
Pocket Tromba 24017
Ingegnasbaffo Trucchiati 24002
Cielo di Ombra 23988
Cavallone Lampone Termosifone 23984
Tenda Vagabonda 23936
Capra Cocco Tavolino 23865
Ippopotamo Uva Televisori 23839
Brullo Cassonettone 23765
Oscuro Candeliereccio 23745
Joliefrusta Vento 23734
Caffestitichezza Tuono 23636
Urlaprofumo Mugellone 23610
Cacto Ippopotamo 23571
Amaronedisagio Fumo 23550
Lacrima Sonora 23531
Volpe Limone Forchettone 23469
Volante Tappacchiotto 23462
Ruggente Straccettone 23440
Vinoscarlattite Roccia 23400
Chimpanzini Banana Capuccino Bona Ambal Bonka Ambulabu 23397
Pungente Arrotinozzo 23359
Sentimento Melodico 23306
Spumantite Bruma 23299
Scorbucetriolo Diaspro 23236
Itterbambù Argento 23199
Dermatitedaneto Ambra 23185
Bruma Sospesa 23180
Pastacciere Vomelardo 23179
Frittatrancore Lattiginoso 23150
Sacrestonfo Benedacchio 23103
Cagnolino Kiwi Frigorifero 23079
Cinghialino Uva Pannello Solare 23066
Strambo Tappettino 23054
Torvo Ventagliaccio 23012
Kidmanmestolo Foschia 22996
Neve Liquida 22970
Sambucafreddo Ghiaccio 22929
Fotopuzzo Lampadaccio 22893
Segrestupido Cartoccio 22874
Meschino Lavapiattone 22856
Gnocchidisperazione Grigio 22837
Carciofo Furbetto 22800
Birraspossatezza Vento 22743
Flyalino Vento 22600
Teediabete Tempesta 22592
Kendriki Bombariro Lamarito 22591
Malnato Pannolazzo 22574
Bigabbiano Mare 22572
Spritzapatia Bruma 22535
Mozzarella Timida 22488
Nevrastenico Cacciavitto 22483
Bottone Sognante 22378
Spazzasputo Canforaccio 22372
Zucchina Allegra 22367
Cervo Cocco Coppa 22366
Cornopidocchio Tristezza 22313
Cacciabuco Tintocchio 22298
Airone Kiwi Macchina 22261
Boom Boom Beini Guin 22216
Clarinettoape Mania 22216
Vorace Barattolone 22119
Violastracco Struscione 22059
Alopeciaspinacio Calcite 22038
Vaca Saturno Saturnita 22019
Caffedelirio Tuono 22012
Istrice Melagrana Cuscino 22006
Orticaradicchio Amazzonite 21985
Autistofango Baccalunto 21932
Gnocchicompulsione Verde 21928
Molle Pasticcione 21918
Celere Cintolaccio 21916
Armonicatarma Stanchezza 21880
Fabbroceffo Puzzalampo 21876
Hemsworthapriglia Umidità 21783
Canzone Troncata 21721
Scarpa Lunatica 21671
Coniglietto Lampone Frullino 21653
Parrufanfo Testalonzo 21630
Frollo Trinciapizzone 21599
Fantasma Dolcezza 21561
Cameroscroto Pastonello 21536
Rihannacoltello Rugiada 21445
Leoimbuto Foschia 21440
Archetruzzo Piastrolone 21433
Ombrello Salato 21416
Cammellini Litchi Candelabro 21415
Homurita Tempo Magiata 21394
Rosoliarucola Malachite 21374
Tubercolspinacio Rubino 21316
Tasso Papaya Ombrellone 21312
Truly Truly China Gangster Gangster 21311
Carpialletto Tronfalone 21268
Pompacchino Sgocciolato 21237
Donnola Uva Microonde 21234
Restapello Stoppo 21222
Acquapanico Bruma 21198
Lucertola Mora Aspirapolvere 21195
Scimmietta Mirtillo Casseruola 21164
Imbianzabozzo Pittocchio 21154
Bronchivitepatata Pirite 21079
Talpa Ananas Cassettiera 21040
Vinosudorazione Roccia 20961
Resgelatino Freddo 20918
Tigini Watermeli 20905
Eco Fragola 20866
Fruttoladro Ciufagnone 20866
Dergelatono Freddo 20857
Triste Frigorifettino 20839
Cuocoflato Spizzatone 20826
Teeanemia Vento 20813
Pavone Cocco Tappeto 20800
Fenicottero Fragola Piumone 20726
Frittatarosica Arancione 20630
Ippopotamino Lampone Camion 20573
Wakinglenticchio 20530
Gangst Fruteira Criminaleira 20519
Grapparitite Nebbia 20460
Curvo Cappottone 20405
Salamandra Mora Portaoggetti 20347
Belinello Forte 20346
Wapastellino Leggero 20327
Melanzanapensiero Viola 20303
Maialino Maracuja Vassoio 20301
Gorini Banani 20274
Tramezzindignazione Giallo 20272
Sambucabrivido Neve 20158
Cammellino Melagrana Specchio 20151
Candidalenticchia Ematite 20130
Wupallo Svegliato 20109
Riniteorigano Titanite 20093
Slefiorano Soffice 20079
Salsiccia Fragile 20038
Pipistrello Banana Televisore 20037
Riccetto Melone Grattugia 20011
Leporino Limone Lampione 20000
Commersbufa Cartolaccio 19998
Bom Bom Bom Tigini Watermeli 19984
Paninicuriosità Marrone 19965
Bruschettatensione Verde 19953
Meccatrasto Vongolazzi 19944
Coco Fanto Elefanto 19939
Resturattino Piccolo 19934
Mun Elephanti Banuchi 19922
Agnolottinostalgia Blu 19889
Porcellino Uva Tagliere 19854
Pipistrellino Fragola Cucchiaino 19783
Gattone Fragola Secchiello 19759
Giocherellone Armadietto 19757
Pavone Melagrana Lanterna 19746
Fruttavomito Stendipanni 19744
Pipistrello Papaya Altalena 19669
Tamburo Calante 19646
Delfino Pera Miscelatore 19631
Grosso Scaldino 19618
Cavallo Limone Radiatore 19612
Tung Tung 19577
Torrente Imburratorello 19560
Saldapuzzo Scorcianotte 19548
Airone Melagrana Pennello 19537
Cinghialino Limone Teglia 19527
Chitarronzo Solfeggione 19509
Snodato Sbucciatorello 19493
Delfinetto Pera Ventilatore 19468
Cucina Saudade 19457
Nevrile Annusatoreccio 19453
Orangutini Anioli 19450
Gelatotristezza Rosa 19340
Piadinapatia Grigia 19238
Pinguino Melone Frullatore 19236
Donnola Melone Piatto 19205
Rantolante Vassoiaccio 19088
Cupo Lucernaccio 19068
Gufetto Uva Casco 19057
Focchetta Kiwi Cuscino 18996
Librastrambo Paginonzo 18944
Porcellino Mango Cavatappi 18906
Opossum Fragola Termometro 18891
Cerbiatto Uva Campanello 18847
Pizzagioia Rosa 18830
Pavoncello Limone Rubinetto 18764
Pipistrello Lampone Ventaglio 18652
Speziato Frullonaccio 18630
Cervo Cocco Candelina 18627
Lucertola Fragola Apribottiglie 18603
Lasagnacredenza Verde 18568
Tazza Romantica 18566
Orsacchiotto Cocco Ventilatore 18558
Leopardi Grapefruit Tui 18543
Falchetto Banana Cassettiera 18521
Violamillepiedi Apatia 18508
Bizzarro Forchettone 18451
Crespellira Fucsia 18422
Stupito Appendicolone 18395
Cacchiallegrone Tegoloso 18389
Gioioso Cappellone 18327
Leprotto Banana Forbice 18311
Cervo Lampone Calzascarpe 18284
Melanzanadispetto Nero 18257
Gorillo Watermelon Drill 18219
Clooneypentola Pioggia 18218
Tarchiato Copribottone 18182
Salamandrina Kiwi Caricabatteria 18179
Sbuffante Soffiacchiotto 18148
Cigno Uva Contenitore 18141
Topolino Cocco Orologio da Parete 18138
Pazzo Bacinello 18102
Cucchiaio Strano 18080
Viscido Tegolone 18055
Rosolialattuga Fluorite 18042
Cocoanto Elephanto 18011
Tasso Kiwi Microfono 17962
Lercio Secchiellaccio 17852
Topolino Melagrana Cuscino 17821
Anginamelanzana Smeraldo 17760
Maialino Lampone Scatola 17721
Gelata Pazienza 17625
Orsetto Mora Macinacaffè 17601
Ascaridiasalvia Rodonite 17583
Koala Mango Stampino 17574
Gattoni Ananas Martellino 17536
Gattone Limone Zainetto 17491
Pasticcafone Schizzotto 17489
Pavone Banana Tovagliolo 17486
Pavone Cocco Candelabro 17445
Pappagallo Cocco Tavola 17428
Volpino Papaya Ombrello 17411
Gattino Mora Cucchiaio 17387
Anziano Bastonaccio 17373
Sghembo Zampirone 17365
Marmottino Kiwi Temperamatite 17354
Frivolo Stendinaccio 17341
Orsetto Kiwi Secchiello 17310
Bradcoltello Foschia 17304
Postitrullo Letteraccio 17255
Fenicottero Mora Cestino 17249
Cavalluccio Melagrana Portaombrelli 17183
Cortese Innaffiatone 17178
Scontroso Lampadario 17168
Istrice Papaya Mappamondo 17130
Anatroccolo Papaya Appendiabiti 17055
Boom Boom Boom Leopardi Grapefruit Duji 17044
Frulli Frullà 17006
Rockimbuto Rugiada 16945
Ranocchio Kiwi Tenda 16927
Cinghialino Mela Forchetta 16885
Gabbiano Limone Casco 16882
Buffo Cavatortaccio 16855
Psoriasicavolo Opale 16827
Pavoncello Mela Specchietto 16814
Oca Melagrana Piattaforma 16808
Salamandrina Uva Barattolo 16771
Gufo Mora Bastone 16713
Topolino Papaya Lattina 16678
Capresesogno Lilla 16647
Tartaruga Fragola Trombetta 16577
Lucertola Papaya Cucchiaio 16537
Sirena Elettrica 16521
Sfumato Portone 16516
Rihannabicchiere Gelo 16435
Cammello Fragola Teiera 16416
Sottile Frustaccino 16351
Allegrotto Strizzapannone 16338
Scoiattolo Ananas Tostapane 16310
Leprotto Kiwi Mixer 16308
Cavallino Fragola Timer 16289
Biscottina Morbida 16260
Scoiattolino Maracuja Teglia 16099
Grappalergia Neve 16045
Lemurino Melanzana Forchetta 16029
Allegro Cuchinello 16015
Cignolino Fragola Innaffiatoio 16010
Frigo Camelo 16001
Bananucci Monkey Monkey Monkeyci 15987
Espressopidocchio Fiamma 15904
Pappagallo Mirtillo Lente 15804
Geco Uva Grattugia 15799
Maialino Kiwi Pennarello 15793
Bananita Dolphin 15783
Sleepiatto Buono 15783
Lunatico Scolabrodetto 15762
Cavalluccio Mora Ombrello 15761
Uistitì Ananas Radiatore 15736
Salamandra Melagrana Padella 15735
Castoro Mela Candelabro 15712
Scostante Grattapiedone 15705
Passerotto Mango Portachiavi 15620
Stivale Profumato 15612
Salamandrone Fragola Paletta 15550
Asmabasilico Onice 15521
Capretta Melone Anello 15521
Hippopotamino Lol Giraffe Vest 15496
Minestrasolitudine Turchese 15470
Cavallino Mora Portaocchiali 15430
Volpina Uva Mascherina 15420
Formichiere Fragola Catino 15408
Peloso Cassettozzo 15400
Salamandrino Limone Frullatore 15389
Gattone Pera Portafoto 15305
Scoiattolo Banana Vassoio 15305
Opossum Lampone Bicchiere 15304
Cavallino Fragola Piuma 15293
Trombetta Pigra 15257
Pannacottamore Bianco 15249
Furetto Lampone Cuscinetto 15172
Melanita Martinera 15169
Morbido Piumaccio 15069
Falchetto Fragola Cavatappi 15047
Puzzolino Banana Coperchio 15013
Topino Mora Fermacarte 14969
Fenicotterino Pera Giradischi 14953
Volpetta Limone Ventaglio 14932
Ghiro Maracuja Mestolo 14865
Gabbianotto Lampone Sedia 14774
Lombrichino Fragola Rullo 14757
Saturno Saturnita 14756
Minestrapietà Lilla 14751
Annoiato Pentolaccio 14736
Focacciasperanza Azzurro 14718
Bancascemo Fognabrillo 14683
Fenicottero Mela Specchietto 14682
Pappagallino Maracuja Piumone 14681
Gagaspremilimone Vento 14678
Rondinella Mela Zuccheriera 14609
Misterioso Calzettone 14576
Procione Limone Piastrella 14566
Gaio Sottobicchierone 14559
Scoiattolo Limone Termoventilatore 14558
Urubini Flamenguini 14536
Anatroccolo Fragola Lampada 14512
Ghiacciato Bottiglione 14498
Canarino Lampone Carrello 14489
Makini Banani 14465
Tartarughina Banana Secador 14436
Pinguino Papaya Vaso 14413
Contascorreggia Fattufino 14370
Gufo Limone Binocolo 14339
Confuso Piattone 14328
Zebrachini Zebra Zebra Zebraini Zip Zip 14228
Furetto Maracuja Teglia 14199
Opossum Maracuja Cintura 14195
Tropic e Chipa Vuole Nulla Trippers Trulimero Trulicina Trer Tricina Ile Tin In Piscina Formaggio Sulla Trulla Lima 14114
Puzzolino Fragola Scatoletta 14062
Porcospino Kiwi Cornice 14060
Gabbianello Uva Vassoio 14033
Gufo Cocco Faretto 14013
Riccio Fragola Spazzola 14000
Salamandra Kiwi Portafoglio 13968
Cigno Maracuja Scatola 13906
Pinguino Mela Copertina 13881
Trippi Troppi Troppa Trippa 13874
Scoiattolo Maracuja Portapenne 13823
Anatroccolo Melone Triciclo 13786
Clebomb 13773
Cignolino Mirtillo Lampione 13772
Cavallino Mela Mattarello 13768
Geco Papaya Stampante 13754
Istrice Fragola Gabbia 13642
Zonzo Pannolaccio 13626
Tonto Scarpino 13556
Cignolino Lampone Copertina 13530
Volpacchiotto Papaya Presina 13495
Gattino Fragola Cavatappi 13418
Volpetta Lampone Pad 13413
Procione Pera Borraccia 13408
Koala Papaya Scaffale 13379
Topolino Fragola Zainetto 13377
Capretta Mora Gomitolo 13331
Opossum Mela Posacenere 13318
Tasso Cocco Contenitore 13307
Sprezzante Stendipanni 13254
Panemelodia Rosato 13252
Scoiattolino Fragola Ferro da Stiro 13245
Strascicato Fermacapino 13181
Criceto Papaya Dado 13168
Maialino Fragola Spremiagrumi 13146
Tartaruga Cocco Bicicletta 13066
Salamandrina Cocco Manopola 13036
Puzzola Mela Orologio 13025
Bobrito Bondito 13021
Paffuto Asciugamaccio 12986
Lupetto Ciliegia Panca 12910
Cavalluccio Banana Lanterna 12859
Goffo Rubinettozzo 12857
Cervo Pesca Piatto 12840
Porcellino Kiwi Bilancia 12800
Vetroludo Pannicciotto 12759
Lemure Fragola Porta 12724
Castoro Banana Bicchiere 12685
Castorino Melagrana Rullo 12672
Chimpanzini Banani 12638
Volpacchiotto Melagrana Stampante 12607
Porcospino Melone Gabbietta 12511
Cerbiattino Lampone Timbale 12442
Gabbiano Fragola Contenitore 12426
Ghiro Papaya Griglia 12422
Gatto Mora Tenda 12417
Scoiattolino Lampone Tastiera 12414
Ghiro Uva Posacenere 12319
Marmottino Papaya Caricabatterie 12312
Cavalluccio Ananas Tagliere 12258
Bonita Kero Kerita 12216
Giocospuzzo Pallavolazzo 12190
Ghiro Maracuja Specchio 12188
Tortapasione Porpora 12185
Pipistrellino Fragola Chiavetta 12180
Marmotta Melone Macinapepe 12166
Malamé Amareló 12159
Topolino Cocco Dispenser 12131
Glorbo Frutto Drillo 12111
Taur Track Bar Track Satalito 12051
Puzzolino Melone Cassetto 12023
Cavallino Uva Proiettore 12020
Rotondo Sputacchino 11987
Sonnolento Scolapastone 11898
Donnola Pera Ragnatela 11867
Canarino Melone Tappeto 11810
Cavalluccio Maracuja Bicicletta 11754
Formichino Banana Padella 11753
Tiramisugratitudine Oro 11742
Istricino Pera Trappola 11711
Istricino Banana Sedia 11700
Cavalluccio Mora Vaso 11666
Rondine Fragola Secchiello 11623
Saltimboccagratitudine Oro 11603
Tartarughino Banana Termos 11571
Delfino Banana Mixer 11534
Severo Divanetto 11531
Pipistrellino Pera Forchettina 11377
Ghiro Melone Cappello 11365
Gufo Fragola Carillon 11305
Puzzolino Mirtillo Forbice 11297
Pigro Coperlaccio 11222
Tartarughina Melagrana Gabbia 11180
Tromero Trulucina Trulyina 11162
Lucertolino Mora Taglierino 11098
Cerbiatto Uva Orologio 11088
Lucertolino Pera Calcolatrice 11032
Lombrico Melagrana Pennarello 11014
Puzzola Mango Microfono 11012
Gufino Fragola Lampada 10988
Riccetto Mela Orologio 10971
Anatroccolo Melone Gomitolo 10875
Delfino Ananas Faretto 10817
Cotolettacalma Rosa 10790
Riccio Uva Ombrellone 10745
Makini Banani Macini Banani Laala Trai Grapefruit Grapefruit 10696
Talpino Kiwi Telefono 10687
Scoiattolo Lampone Stivale 10667
Chicleteira Bicicleteira 10637
Marmotta Banana Tagliere 10543
Ridondante Gommaccio 10522
Tranquillo Sgabellino 10395
Fenicottero Melone Filtro 10380
Cuore Perduto 10376
Talpa Fragola Moka 10351
Formichino Melone Stendino 10313
Gabbiano Uva Pennello 10256
Incerto Piumaggione 10005
Maccherone Calmo 9755
Fiero Portaspazzolino 9687
Bruschettagratitudine Giallo 9668
Porcospino Limone Cestino 9597
Scoiattolino Limone Valigia 9566
Canarino Melagrana Vaso 9473
Leprotto Pesca Teiera 9373
Salamandra Papaya Stendibiancheria 9254
Furetto Pesca Scopa 9253
Allegretto Giraviteccio 9214
Lombrico Kiwi Ombrello 9214
Cavalluccio Mirtillo Spazzolino 9203
Talpina Ananas Scatola 9171
Serio Scaffaletto 9153
Bonka Ambalabu 9032
Slim 8711
Timido Candelaccio 8675
Gentile Stufino 8324
Bicus Dicus De Bicus De Dicus 8263
Ranocchio Mango Lampada 8253
Geco Melone Pallone 8209
Strawberry Pe 8192
Bjolesta Venusa 8023
Sonoro Fermaglietto 7941
Tartarughina Banana Ferro da Stiro 7873
Leonelli 7808
Trulimero Trulicina 7754
Boom Boom Boom Leonelli Boom Boom Leono 7649
Elegante Cuscinetto 7465
Topaccio Uva Fornello 7018
Cortissimo Pettinaccio 6996
Furetto Pera Piatto 6972
Toptoby 6704
Lombrichino Mela Zaino 6642
Gracile Spintorello 6465
Lucido Tegamino 6245
Gufo Banana Scaffale 6139
Bom Bom Spaghetti Twi Spa 6027
Calmo Cartellino 5778
Spaghetti Spaghett 5640
Penguino Pandakini Banani 5305
Penguino Pandakini Banani Panda Banani 5130
Octopusinni 4793
Blueberry Octopusini Bloop Bloop Bloop Octopusy 4386
Capivarello Cocosini 4244
Golubro 4036
Morbocavolfiore Granato 3399
Truli Ban Salsiu Salsibou Corriibau 3091
Urbana Legio Morango 2987
Bobr Cossini 2688
Gelato Bomdiorno 2316
Watermelon Wormi 2231
Penguino Cocosino 1387
Sophiata Tempesta Perdita 692
