Bonidramo Lito 28896
Trombonemaggiolino Mania 28853
Onactino Alto 28599
Infinito Vento 28537
Camparicalo Lava 28504
Gagalattiera Tornado 28431
Crostino Furioso 28318
Keanugrattugia Tempesta 28252
Anistonimbuto Temporale 28211
Pollo Elettrico 27979
Banjoragno Frustrazione 27781
Dardo di Magia 27305
Clarimaggiolino Follia 27186
Zendeaffetta Burrasca 27161
Spritzinfluenza Tempesta 27101
Tonsilliteravanello Agata Verde 27070
Limone Disperato 27023
Cotone Bruciato 26993
Sicketorri Bello 26984
Tessitura Eterica 26939
Tempesta Eterna 26926
Spettro del Deserto 26859
Mabellico Fino 26832
Sicaspino Malato 26831
Violapulce Confusione 26801
Sospeso nel Vuoto 26708
Violafarfalla Ansietà 26694
Risottopassione Rosso 26666
Terra Abissale 26578
Spirito della Montagna 26499
Forza della Fiamma 26485
Mononucleamenta Gesso 26098
Acquacholera Fumo 26081
Lirabaco Ansietà 26006
Tagliatellatimore Rosso 25932
Violonottola Panico 25870
Salmonellapomodori Diaspro Verde 25782
Keanuaffettatrice Fulmine 25762
Artritemais Giada 25755
Beyoncepentola Grandinata 25751
Pianozanzara Depressione 25747
Lasagnapaura Turchese 25729
Illusione Infinita 25720
Spirale Infinita 25715
Violonottola Ansietà 25712
Sambucafebbre Ghiaccio 25645
Abisso di Cera 25530
Ombra di Speranza 25527
Cangurini Banana Ombrelloni 25516
Cappuccino Assassino 25515
Epatiticarota Sodalite 25486
Limoncelloraggia Fulmine 25412
Fungo Erotico 25397
DiCapriopentolino Goccia 25354
Limoncellobotta Tuono 25351
Lir Lì Lar Là 25338
Mandolinaragno Rabbia 25324
Pianolibellula Isteria 25316
DiCaprioscolapasta Fuliggine 25314
Sedia Pazza 25296
Fisarmonicamosca Delirio 25266
Pannacottarabbia Viola 25266
Broncoprosciutto Ametista 25233
Umile Candelabroccio 25191
Affamato Cavatappone 25189
Cantacacca Strozzaforte 25185
Tromboncicala Follia 25171
Bittervaiolo Fumo 25142
Vinosofferenza Ghiaccio 25123
Ladybollitore Grandinata 25107
Melodia di Cristallo 25072
Frogolino Festoso 25024
Angelinagrattugia Nubifragio 25007
Cieloscuri 24902
Rockspremiaglio Fulmine 24853
Ombra Viscosa 24773
Asbestocavolo Ematite Blu 24717
Lucertolino Lampone Grattacielo 24708
Covidporro Ossidiana 24668
Madoka Magiquita 24540
Caverna dell'Anima 24527
Risottorabbia Giallo 24515
Uccellino Melone Finestra 24492
Deppforchetta Fulmine 24477
Teglia Nervosa 24466
Arancinirabbia Rosso 24345
Angoscia della Notte 24290
Tagliatellatensione Grigio 24286
Fiamma di Morte 24214
Xilobrunella Rabbia 24204
Cristallo Furioso 24194
Arpazanzara Panico 24187
Mojitocoriaceo Tuono 24180
Vita Perduta 24178
Poesia Tormentata 24155
Canto Balordo 24137
Battellore Forte 24128
Flautobombo Disperazione 24124
Coraggio Selvatico 24089
Ombra di Vento 24059
Battanzaro Zitto 24037
Fata della Notte 23950
DiCapriomestolo Gelo 23928
Belimatalo Solido 23887
Espressovampata Fumo 23874
Pancreatinastro Pirite 23838
Diarreamandarino Magnetite 23832
Tetanocipolla Lapislazzuli 23810
Malariarucola Granato 23798
Polpettino Mango Aspiratore 23786
Pastatimore Notturno 23779
Paintito Della Brush 23774
Flautopidocchio Ossessione 23684
Morbiocarciofo Diaspro 23638
Varicelzucchina Tormalina 23601
Pianopulce Delirio 23596
Mago della Fiamma 23593
Mare Senza Fine 23576
Rachiticetriolo Selenite 23564
Raggio di Luna 23525
Cornoragno Delirio 23494
Furioso Pallonaccio 23469
Dentistrullo Mandibaccio 23425
Caffetremore Lava 23356
Coccodrillino Cocco Lavatrice 23302
Cavallo Drago Litchi Ventilatore 23301
Vortice Gentile 23275
Billiegrattino Vento 23273
Bombardiro Crocodilo 23266
Chinottomalaria Tempesta 23254
Clozucchino Temporale 23216
Bassocicala Follia 23197
Cinenino Bambino 23186
Actira Pasta 23155
Riflessione Oscura 23152
Actisucchio Veloce 23125
Flaminaro Fuoco 23107
Draghetto Uva Catapulta 23069
Vento Arcoirizzato 23050
Febbrucarota Quarzo 23038
Solitudine Grigia 23000
Teetubercolosole Vento 22973
Ulcerabietola Ametista 22949
Crepuscolo Elettrico 22916
Streepfiltro Nebbiolina 22901
Crespellansia Grigio 22887
Spirale di Luna 22884
Orticchicoria Agata 22883
Tamburettolocusta Frustrazione 22874
Oboemantide Isteria 22858
Morsa Elettrica 22857
Pennello Nervoso 22857
Camparitubercolosi Bruma 22797
Scabbiafagiolo Labradorite 22783
Luna Scintillante 22761
Ombra Magica 22725
Clooneymestolo Lampo 22722
Cornoscarabeo Terrore 22706
Cruisezuccheriera Lampo 22672
Jolieimbuto Bruma 22662
Mojitotifo Ghiaccio 22642
Mandolinogriglia Euforia 22613
Tum Tum Tum Sahur 22609
Birraterrore Tuono 22599
Cacciatorenvidia Verde 22585
Beyspatola Temporale 22564
Ippopotamino Uva Stendino 22548
Carbonaranoia Viola 22539
Polentapaura Marrone 22498
Cornobruco Tristezza 22471
Terra delle Sirene 22455
Cinetesco Largo 22445
Spritzorzite Fulmine 22436
Zendayagrattugia Grandine 22416
Ruggito Selvaggio 22407
Riflesso di Speranza 22397
Negronistanchezza Roccia 22371
Caffesifilide Lava 22363
Viscera Tenerina 22338
Draghetto Uva Portone 22330
Arpacimice Nevrosi 22298
Contrabbassozanzara Eccitazione 22286
Drumtromba Chiara 22284
Magia Perduta 22278
Canto Dissonante 22248
Radice Sonora 22209
Morbillolattuga Tanzanite 22195
Tempesta della Luce 22127
Grappareumore Fiamma 22123
Tappeto Sussurrante 22115
Tamburoneape Nostalgia 22114
Tigrotto Pesca Bicchiere 22092
Creatura di Speranza 22070
Limonitisole Lava 22048
Todiratta Gustosa 22035
Calamaio Selvaggio 22022
Armonicabruco Tristezza 22010
Mojitoconvulsione Fiamma 22010
Cidrosarsene Tempesta 21994
Macellobaffa Squartino 21979
Encefalitebarbabietola Zaffiro 21954
Pizza Onirica 21952
Raggio di Speranza 21949
Memoria Nebulosa 21946
Panterotto Uva Ferro 21939
Infinito Raggio 21895
Amaronemorbillo Fiamma 21856
Frammento Urgente 21840
Slanciato Schiaccianocce 21818
Clarinettoformica Panico 21798
Coccodrillino Mora Radioregistratore 21718
Flamiro Cissimo 21694
Sick Peperone 21690
Coccodrillino Pera Pentola 21685
Coccodrillino Mela Trombetta 21651
Tralalero Tralalá 21620
Tormento Astrale 21617
Frammento Etereo 21583
Pasticcio Gelato 21579
Tiramifunebre Nero 21568
Bruschettasdegno Viola 21567
Cavallini Cocco Coltello 21549
Incanto Cosmico 21540
Chitaracicada Frustrazione 21534
Nervoso Barilaccio 21521
Pittmestolo Neve 21499
Stridulo Bidonaccio 21496
Melodia Schiuma 21459
Pipistrellino Melagrana Bottiglia 21442
Stomatitedattero Pirite Rossa 21430
Giraffa Celeste 21427
Verrucalimone Peridoto 21426
Lupo Melone Tromba 21395
Pantera Ananas Pannello 21393
Cappello Matto 21365
Mirrenfrusta Tifone 21321
Stella Impazzita 21302
Deppmestolo Fuliggine 21301
Spirito di Guerra 21238
Flautomoscone Disperazione 21227
Luna dell'Anima 21225
Tifocardo Ferrosite 21225
Rinoceronte Lampone Martello 21219
Elefantino Cocco Culla 21168
Chinottorrea Roccia 21165
Risottodelirio Verdeacido 21126
Pellicano Mirtillo Termometro 21099
Trombonemosca Caos 21039
Deartetto Sogno 21037
Lattonzuffo Martellazzo 21023
Fiamma dell'Anima 21019
Sitarscarabeo Rabbia 21002
Violavermetta Nevrosi 20983
Foglia Stonata 20979
Incanto della Luna 20946
Scassinoncio Chiavatta 20937
Fisboletti Lino 20934
Lamento Cosmico 20934
Goccia Cannibale 20927
Marea Volubile 20911
Vento Tempestoso 20873
Anatra Collante 20844
Requiem Mistico 20843
Vinzuccheriera Tempesta 20841
Epilessibroccolo Tormalina Nera 20814
Bombard Bombardo Ballerina Cappuccina No No No Espressor Ballerina Cappuccino No no no Espressor Frigo 20810
Scarlattirapano Olivina 20790
Polvere Alchemica 20788
Sitarlibellula Felicità 20753
Pofunghetto Funghi 20750
Sussurro Pagano 20741
Pompilastro Fegatone 20729
Birrapeste Nebbia 20726
Tamburettomillepiedi Apatia 20725
Flamano Rino 20713
Piuma Ribelle 20693
Mente Astratta 20667
Fiume di Sogni 20646
Coraggioso Televisorino 20603
Espressor Ballerina Cappuccino 20602
Torsione Dolce 20600
Futuranzano Verde 20567
Cuore di Magia 20554
Negronibronchite Ciclone 20551
Paint Melodia 20520
Vasca Stonata 20519
Gradetino Facile 20514
Ninna Anarchica 20504
Eczemasedano Corallo 20467
Drummolano Grande 20444
Xilofarfalla Estasi 20433
Ombra dell'Anima 20428
Pianistronzo Notaculato 20386
Mandolinomosca Noia 20317
Tempesta Interiore 20283
Canto Selvaggio 20281
Mago di Tempesta 20274
Scontroso Pestacarnezzo 20241
Eilishteglia Vento 20214
Incubo di Magia 20204
Scimmietta Pesca Stendibiancheria 20188
Salame Solare 20186
Herpesporro Calcite Rosa 20174
Piuma Stonata 20148
Anistonteglia Rugiada 20141
Alba Ruggente 20127
Squilibrato Polpettario 20074
Dwaynemacchina Nebbia 20071
Raviolifurore Cremisi 20053
Caffestitichezza Tuono 20023
Buttaguai Spargitoro 20009
Vento Tormentato 19979
Barbisputa Rasponello 19949
Spaghettimisero Grigio 19948
Cammello Banana Cavatappi 19897
Pulsarina Ribelle 19887
Colitefinocchio Quarzo Rosa 19879
Gioioso Catenaccione 19877
Caotico Zampillaccio 19863
Bretanello Noce 19857
Pilostrozzo Cacaturbina 19836
Inquieto Stropicciatone 19829
Pittscodella Nevischio 19807
Forza Cosmica 19803
Cuore di Ombra 19799
Pittfrullatore Nebbia 19794
Berber Patapim 19789
Fiato Meccanico 19786
Bassobruco Confusione 19775
Ombra della Fiamma 19766
Colore Tremendo 19753
Cinghialino Mango Tostapane 19709
Amaronetosse Lava 19650
Tristezza Eterna 19628
Pellicano Mango Proiettore 19623
Vento Speziato 19621
Sogno di Luce 19606
Vendivomito Scassabrutto 19594
Risata Notturna 19586
Sprumoniustione Fulmine 19574
Amaronedisagio Fumo 19559
Coda del Fato 19549
Serpentello Ananas Pennello 19529
Bailarina Cappuccina 19521
Vetraiozitto Urlettone 19496
Biscotto Rumoroso 19491
Magia Interiore 19478
Calzoneodio Nero 19476
Cielo Strano 19463
Gastritipomodoro Larimar 19448
Serpentello Melagrana Contenitore 19437
Cuore Mutevole 19431
Ballata Eterea 19407
Nebbia Sospesa 19402
Gabonino Volante 19376
Vinoscollera Vento 19333
Zuppainvidia Blu 19316
Caffemigraine Fulmine 19314
Tamburoscarabeo Confusione 19314
Herpescicoria Zaffiro 19300
Paizuchino Dolce 19290
Armonicacimice Caos 19287
Swiftpentolino Neve 19277
Mandolinofarfalla Estasi 19243
Caponatasconfitta Blu 19239
Cacciatorepaura Marrone 19218
Elonmestolino Fuliggine 19208
Vinobrivido Ghiaccio 19207
Grappatensione Neve 19199
Sinusitofava Malachite 19198
Ridicolo Spazzolaccio 19187
Bramoso Coperchione 19178
Scimmione Uva Forchettone 19170
Fiamma Solitaria 19137
Tipografrana Schizzulone 19120
Utopia Oscura 19108
Orso Banana Forno 19080
Brusco Zainaccino 19073
Bre Patapim 19046
Ridente Pungiglionaccio 19044
Ippopotamo Uva Televisori 19040
Braciola Mistica 19031
Elonzucchino Tifone 19017
Arpavermetta Paranoia 19000
Birraemorroide Fulmine 18991
Fastidioso Saponaccio 18985
Ombra Eterna 18953
Clarilocusta Tristezza 18881
Homurita Tempo Magiata 18869
Spazzola Cuore 18868
Ruggente Straccettone 18858
Marmitta Cantante 18850
Cavallo Pera Proiettore 18835
Tic Tac Leine Del Cactus Miuro Crocodilo 18768
Hemsworthcolino Pioggia 18753
Lampada Gelosia 18731
Spazzastruzzo Ramazzella 18727
Risotto Piangente 18688
Biscotto Tristezza 18648
Stitichettimo Cristallo 18628
Essenza Bizzarra 18627
Ruggente Pennarellone 18603
Cuscino Volante 18583
Magia della Luna 18577
Luce Rossa 18562
Aria Fragorosa 18556
Cannellinimelancolia Azzurro 18550
Ombra di Cera 18538
Sogno Sonoro 18497
Br Br Br Patapim 18474
Nodo Lunare 18464
Ombra Fragile 18454
Sogno Perduto 18452
Teediabete Tempesta 18416
Timodino Tino 18396
Dispettoso Cricchettino 18375
Spirito di Luce 18360
Cacto Ippopotamo 18345
Istrice Melagrana Cuscino 18343
Cavallone Lampone Termosifone 18342
Rantoloso Raccoglitutto 18331
Tortellinfelicità Nero 18291
Joliefrusta Vento 18287
Anima Collosa 18260
Meschino Lavapiattone 18256
Bruma Flessibile 18248
Torvo Ventagliaccio 18232
Ryancolapasta Caligo 18155
Dubbioso Ombrellaccio 18124
Ballerina Ballerina Capuccina 18113
Gastritepomodoro Topazio 18052
Mojitolacrima Roccia 18043
Rockpiatto Bruma 18014
Orsettini Cocco Cacciavite 18002
Ombra Speziata 17983
Birraspossatezza Vento 17974
Kidmanmestolo Foschia 17964
Zendayacoltello Tornado 17954
Magia del Silenzio 17942
Swiftcavatappi Scirocco 17941
Delfinetto Papaya Secador 17910
Fotopuzzo Lampadaccio 17891
Trampo Pasticcio 17873
Bonito Pomodoro 17859
Chimpanzini Banana Capuccino Bona Ambal Bonka Ambulabu 17846
Gatto Cosmico 17840
Bombini Gusini 17823
Gessatorrendo Scracchino 17822
Goccia Gelata 17790
Scimmietta Mirtillo Casseruola 17732
Sambucafreddo Ghiaccio 17728
Sacrestonfo Benedacchio 17718
Capra Cocco Tavolino 17704
Elefantini Kiwi Tagliere 17700
Cinghialino Uva Pannello Solare 17682
Clarinettoape Mania 17672
Urlaprofumo Mugellone 17631
Frittatrancore Lattiginoso 17606
Frangia Cosmica 17595
Scorbucetriolo Diaspro 17593
Xilobrucolo Euforia 17589
Finto Martellaccio 17576
Lucertola Mora Aspirapolvere 17572
Panino Confuso 17560
Gnocchicompulsione Verde 17556
Palude Incantata 17535
Dermatitedaneto Ambra 17514
Potere di Guerra 17480
Cacciabuco Tintocchio 17468
Spazzasputo Canforaccio 17452
Talpa Ananas Cassettiera 17432
Stella Oscura 17427
Oscuro Candeliereccio 17424
Dottoscrocco Cacarelli 17404
Pungente Arrotinozzo 17391
Malnato Pannolazzo 17385
Riflesso Turbato 17359
Volpe Limone Forchettone 17338
Alopeciaspinacio Calcite 17336
Bianco Profondo 17324
Volante Tappacchiotto 17312
Pipistrello Banana Televisore 17297
Elefantino Pera Telefono 17295
Pockletto Crocco 17293
Segrestupido Cartoccio 17291
Donnola Uva Microonde 17260
Itterbambù Argento 17254
Billieimbuto Foschia 17237
Truly Truly China Gangster Gangster 17233
Insetto Astrale 17219
Gomitolo Cantante 17214
Autistofango Baccalunto 17183
Gnocchidisperazione Grigio 17176
Brivido Soffice 17174
Ingegnasbaffo Trucchiati 17164
Cornopidocchio Tristezza 17153
Grapparitite Nebbia 17126
Tigini Watermeli 17120
Airone Kiwi Macchina 17107
Influzzucchero Diamante 17083
Cammellini Litchi Candelabro 17054
Bigtellina Piccola 17016
Cervo Cocco Coppa 16980
Caffedelirio Tuono 16978
Vinosudorazione Roccia 16932
Hemsworthapriglia Umidità 16912
Tenda Vagabonda 16891
Tubercolspinacio Rubino 16876
Nevrastenico Cacciavitto 16850
Gangst Fruteira Criminaleira 16844
Cuore Distorto 16825
Tromalino Tetto 16804
Lasagnatriste Verde 16783
Minestranostalgia Ruggine 16775
Bronchivitepatata Pirite 16743
Mandria Iperuranica 16727
Orticaradicchio Amazzonite 16721
Caffè Saltellante 16714
Lama Liquida 16710
Boom Boom Beini Guin 16681
Spumantite Bruma 16589
Felice Bracciolone 16581
Brasilini Birimini 16570
Brullo Cassonettone 16563
Afflitto Portavivandezzo 16530
Sfera Inquieta 16502
Lasagna Lucida 16501
Tempesta Molle 16496
Rosoliarucola Malachite 16426
Elefante nel Deserto 16417
Salamandra Mora Portaoggetti 16410
Cagnolino Kiwi Frigorifero 16409
Cinghialino Limone Teglia 16409
Fabbroceffo Puzzalampo 16404
Ombra del Vuoto 16354
Tasso Papaya Ombrellone 16353
Vento della Morte 16352
Ippopotamino Lampone Camion 16344
Vorace Barattolone 16342
Trambisotto Fritto 16324
Strambo Tappettino 16311
Scrivomatto Penacchio 16304
Arancia Melodica 16243
Flycarpino Volante 16237
Cristallo Spento 16213
Bom Bom Bom Tigini Watermeli 16199
Segnapanza Ruttasquillo 16197
Teeanemia Vento 16133
Frollo Trinciapizzone 16046
Tung Tung 16027
Pocket Tromba 16014
Kendriki Bombariro Lamarito 15999
Vinoscarlattite Roccia 15937
Archetruzzo Piastrolone 15927
Angoscia Cosmica 15922
Leoimbuto Foschia 15907
Polline Magico 15870
Saldapuzzo Scorcianotte 15860
Parrufanfo Testalonzo 15817
Porcellino Uva Tagliere 15781
Eclisse Infantile 15771
Tramezzindignazione Giallo 15753
Volta Selvaggia 15748
Spirale Bianca 15717
Spritzapatia Bruma 15672
Pastacciere Vomelardo 15652
Radice Oscura 15636
Imbianzabozzo Pittocchio 15529
Celere Cintolaccio 15498
Acquapanico Bruma 15482
Bigabbiano Mare 15466
Cammellino Melagrana Specchio 15455
Falchetto Banana Cassettiera 15445
Resgelatino Freddo 15409
Bruschettatensione Verde 15365
Sambucabrivido Neve 15354
Carta Bagnata 15328
Pipistrellino Fragola Cucchiaino 15289
Cameroscroto Pastonello 15275
Piadinapatia Grigia 15268
Melanzanapensiero Viola 15235
Armonicatarma Stanchezza 15168
Fuoco Gelido 15151
Fruttoladro Ciufagnone 15136
Coniglietto Lampone Frullino 15091
Porcellino Mango Cavatappi 15070
Donnola Melone Piatto 15055
Nevrile Annusatoreccio 15016
Violastracco Struscione 15015
Crepuscolo Vocale 15006
Candidalenticchia Ematite 14971
Nuvola Croccante 14964
Flyalino Vento 14942
Tasso Kiwi Microfono 14942
Lentezza Ribollita 14941
Maialino Maracuja Vassoio 14938
Molle Pasticcione 14937
Cielo di Fuoco 14930
Cielo di Ombra 14911
Leopardi Grapefruit Tui 14884
Lucertola Fragola Apribottiglie 14861
Rihannacoltello Rugiada 14829
Pompacchino Sgocciolato 14738
Pinguino Melone Frullatore 14729
Leporino Limone Lampione 14708
Cupo Lucernaccio 14695
Pipistrello Papaya Altalena 14692
Curvo Cappottone 14691
Meccatrasto Vongolazzi 14645
Paninicuriosità Marrone 14623
Violamillepiedi Apatia 14615
Brodo Canterino 14583
Boom Boom Boom Leopardi Grapefruit Duji 14576
Mozzarella Timida 14567
Fenicottero Fragola Piumone 14566
Pavone Melagrana Lanterna 14564
Pipistrello Lampone Ventaglio 14528
Pavone Cocco Tappeto 14483
Riniteorigano Titanite 14452
Crespellira Fucsia 14450
Frittatarosica Arancione 14442
Salamandra Melagrana Padella 14436
Dergelatono Freddo 14401
Cuocoflato Spizzatone 14397
Vaca Saturno Saturnita 14375
Gorillo Watermelon Drill 14368
Fantasma Dolcezza 14312
Bottone Sognante 14296
Grosso Scaldino 14283
Agnolottinostalgia Blu 14251
Gattone Fragola Secchiello 14251
Ascaridiasalvia Rodonite 14192
Ranocchio Kiwi Tenda 14151
Tarchiato Copribottone 14143
Salamandrina Kiwi Caricabatteria 14132
Belinello Forte 14128
Restapello Stoppo 14118
Wapastellino Leggero 14101
Neve Liquida 14083
Lacrima Sonora 14072
Anziano Bastonaccio 14058
Leprotto Banana Forbice 14056
Gufetto Uva Casco 14042
Snodato Sbucciatorello 14013
Formichiere Fragola Catino 14011
Airone Melagrana Pennello 13984
Pavone Banana Tovagliolo 13973
Sentimento Melodico 13894
Resturattino Piccolo 13892
Viscido Tegolone 13881
Cervo Cocco Candelina 13864
Lercio Secchiellaccio 13864
Commersbufa Cartolaccio 13853
Scontroso Lampadario 13839
Psoriasicavolo Opale 13800
Pazzo Bacinello 13783
Opossum Fragola Termometro 13775
Wupallo Svegliato 13753
Triste Frigorifettino 13745
Melanzanadispetto Nero 13739
Marmottino Kiwi Temperamatite 13723
Orsetto Mora Macinacaffè 13700
Riccetto Melone Grattugia 13690
Gorini Banani 13648
Topolino Cocco Orologio da Parete 13628
Cavallo Limone Radiatore 13624
Slefiorano Soffice 13599
Carciofo Furbetto 13581
Bruma Sospesa 13535
Focchetta Kiwi Cuscino 13529
Istrice Papaya Mappamondo 13525
Pasticcafone Schizzotto 13466
Clooneypentola Pioggia 13444
Opossum Lampone Bicchiere 13440
Bizzarro Forchettone 13434
Zucchina Allegra 13407
Cervo Lampone Calzascarpe 13400
Carpialletto Tronfalone 13350
Sbuffante Soffiacchiotto 13348
Eco Fragola 13345
Coco Fanto Elefanto 13316
Rantolante Vassoiaccio 13300
Salamandrina Uva Barattolo 13262
Cinghialino Mela Forchetta 13248
Volpino Papaya Ombrello 13242
Scarpa Lunatica 13221
Gattone Limone Zainetto 13193
Topolino Melagrana Cuscino 13180
Cerbiatto Uva Campanello 13179
Speziato Frullonaccio 13163
Bradcoltello Foschia 13157
Librastrambo Paginonzo 13146
Mun Elephanti Banuchi 13120
Delfino Pera Miscelatore 13100
Cavalluccio Melagrana Portaombrelli 13083
Chitarronzo Solfeggione 13058
Ombrello Salato 13016
Orsacchiotto Cocco Ventilatore 12996
Canzone Troncata 12953
Cucina Saudade 12946
Scoiattolino Maracuja Teglia 12935
Procione Limone Piastrella 12927
Cigno Uva Contenitore 12905
Cavallino Fragola Piuma 12886
Pappagallo Mirtillo Lente 12884
Orangutini Anioli 12869
Pavoncello Limone Rubinetto 12859
Falchetto Fragola Cavatappi 12841
Delfinetto Pera Ventilatore 12836
Giocherellone Armadietto 12817
Wakinglenticchio 12817
Lucertola Papaya Cucchiaio 12788
Cignolino Fragola Innaffiatoio 12779
Sghembo Zampirone 12773
Torrente Imburratorello 12710
Orsetto Kiwi Secchiello 12707
Geco Uva Grattugia 12678
Salamandrino Limone Frullatore 12664
Salsiccia Fragile 12645
Sirena Elettrica 12628
Scoiattolo Ananas Tostapane 12596
Gelatotristezza Rosa 12591
Anginamelanzana Smeraldo 12561
Salamandra Kiwi Portafoglio 12560
Castoro Mela Candelabro 12535
Gabbiano Limone Casco 12520
Opossum Maracuja Cintura 12489
Gufo Limone Binocolo 12468
Fenicottero Mora Cestino 12452
Istrice Fragola Gabbia 12380
Pizzagioia Rosa 12366
Maialino Lampone Scatola 12363
Salamandrone Fragola Paletta 12355
Topolino Papaya Lattina 12337
Leprotto Kiwi Mixer 12331
Gufo Mora Bastone 12306
Cammello Fragola Teiera 12264
Grappalergia Neve 12263
Lasagnacredenza Verde 12154
Gattoni Ananas Martellino 12144
Capretta Melone Anello 12136
Frulli Frullà 12135
Urubini Flamenguini 12098
Pappagallo Cocco Tavola 12097
Uistitì Ananas Radiatore 12093
Gufo Cocco Faretto 12080
Rockimbuto Rugiada 12070
Fruttavomito Stendipanni 12048
Salamandrina Cocco Manopola 12020
Espressopidocchio Fiamma 11964
Rosolialattuga Fluorite 11956
Cavalluccio Mora Ombrello 11923
Scoiattolo Banana Vassoio 11915
Anatroccolo Papaya Appendiabiti 11907
Stupito Appendicolone 11829
Scostante Grattapiedone 11819
Minestrasolitudine Turchese 11790
Tartaruga Fragola Trombetta 11782
Cocoanto Elephanto 11763
Sottile Frustaccino 11645
Topino Mora Fermacarte 11631
Buffo Cavatortaccio 11625
Postitrullo Letteraccio 11624
Gioioso Cappellone 11592
Minestrapietà Lilla 11588
Pavone Cocco Candelabro 11574
Cacchiallegrone Tegoloso 11569
Gattino Mora Cucchiaio 11562
Maialino Kiwi Pennarello 11545
Tamburo Calante 11517
Annoiato Pentolaccio 11516
Hippopotamino Lol Giraffe Vest 11495
Koala Mango Stampino 11482
Sfumato Portone 11468
Tasso Cocco Contenitore 11440
Volpina Uva Mascherina 11421
Passerotto Mango Portachiavi 11409
Furetto Lampone Cuscinetto 11383
Tropic e Chipa Vuole Nulla Trippers Trulimero Trulicina Trer Tricina Ile Tin In Piscina Formaggio Sulla Trulla Lima 11358
Cavallino Fragola Timer 11342
Tazza Romantica 11317
Vetroludo Pannicciotto 11315
Topolino Fragola Zainetto 11307
Oca Melagrana Piattaforma 11276
Castorino Melagrana Rullo 11244
Asmabasilico Onice 11196
Bancascemo Fognabrillo 11093
Allegrotto Strizzapannone 11045
Cavallino Mora Portaocchiali 11030
Puzzolino Banana Coperchio 11030
Volpetta Limone Ventaglio 11014
Pavoncello Mela Specchietto 10998
Furetto Maracuja Teglia 10992
Lupetto Ciliegia Panca 10949
Rihannabicchiere Gelo 10864
Gelata Pazienza 10846
Sleepiatto Buono 10818
Opossum Mela Posacenere 10778
Clebomb 10751
Bobrito Bondito 10743
Lunatico Scolabrodetto 10737
Cavallino Mela Mattarello 10729
Porcospino Kiwi Cornice 10723
Cucchiaio Strano 10688
Pinguino Mela Copertina 10661
Cavalluccio Ananas Tagliere 10649
Frivolo Stendinaccio 10649
Puzzolino Fragola Scatoletta 10635
Misterioso Calzettone 10623
Canarino Lampone Carrello 10612
Rondinella Mela Zuccheriera 10583
Gagaspremilimone Vento 10582
Capresesogno Lilla 10564
Frigo Camelo 10543
Lemurino Melanzana Forchetta 10543
Anatroccolo Fragola Lampada 10529
Bananucci Monkey Monkey Monkeyci 10527
Tartaruga Cocco Bicicletta 10485
Donnola Pera Ragnatela 10475
Pinguino Papaya Vaso 10463
Cigno Maracuja Scatola 10436
Fenicottero Mela Specchietto 10425
Anatroccolo Melone Triciclo 10376
Cignolino Mirtillo Lampione 10338
Gabbianotto Lampone Sedia 10319
Geco Papaya Stampante 10299
Peloso Cassettozzo 10254
Istricino Pera Trappola 10240
Istricino Banana Sedia 10209
Ghiro Maracuja Mestolo 10188
Ghiro Uva Posacenere 10184
Sprezzante Stendipanni 10153
Ghiacciato Bottiglione 10152
Scoiattolo Limone Termoventilatore 10122
Cortese Innaffiatone 10101
Trippi Troppi Troppa Trippa 10069
Koala Papaya Scaffale 10063
Lemure Fragola Porta 10040
Gaio Sottobicchierone 10034
Gabbianello Uva Vassoio 10033
Puzzolino Melone Cassetto 10007
Procione Pera Borraccia 9995
Capretta Mora Gomitolo 9983
Cavalluccio Banana Lanterna 9942
Riccio Fragola Spazzola 9928
Volpacchiotto Melagrana Stampante 9913
Castoro Banana Bicchiere 9903
Contascorreggia Fattufino 9885
Morbido Piumaccio 9854
Taur Track Bar Track Satalito 9841
Fenicotterino Pera Giradischi 9793
Porcospino Melone Gabbietta 9788
Volpetta Lampone Pad 9742
Pannacottamore Bianco 9726
Biscottina Morbida 9724
Focacciasperanza Azzurro 9707
Scoiattolo Maracuja Portapenne 9688
Gattino Fragola Cavatappi 9673
Cignolino Lampone Copertina 9659
Formichino Banana Padella 9643
Tartarughina Banana Secador 9629
Scoiattolino Lampone Tastiera 9592
Allegro Cuchinello 9580
Puzzolino Mirtillo Forbice 9565
Makini Banani 9550
Stivale Profumato 9526
Confuso Piattone 9481
Glorbo Frutto Drillo 9442
Gatto Mora Tenda 9414
Bananita Dolphin 9403
Cervo Pesca Piatto 9396
Zebrachini Zebra Zebra Zebraini Zip Zip 9362
Ghiro Papaya Griglia 9353
Puzzola Mango Microfono 9347
Puzzola Mela Orologio 9301
Delfino Banana Mixer 9247
Gattone Pera Portafoto 9247
Melanita Martinera 9247
Cavalluccio Mora Vaso 9191
Pappagallino Maracuja Piumone 9188
Trombetta Pigra 9186
Topolino Cocco Dispenser 9175
Lombrichino Fragola Rullo 9102
Cerbiattino Lampone Timbale 9100
Tonto Scarpino 9061
Malamé Amareló 9051
Tartarughina Melagrana Gabbia 8990
Volpacchiotto Papaya Presina 8985
Tiramisugratitudine Oro 8981
Severo Divanetto 8969
Ghiro Maracuja Specchio 8915
Gufo Fragola Carillon 8911
Maialino Fragola Spremiagrumi 8875
Zonzo Pannolaccio 8743
Cavallino Uva Proiettore 8677
Ghiro Melone Cappello 8660
Riccetto Mela Orologio 8658
Saturno Saturnita 8657
Strascicato Fermacapino 8628
Scoiattolo Lampone Stivale 8580
Lucertolino Mora Taglierino 8544
Marmotta Melone Macinapepe 8487
Criceto Papaya Dado 8406
Panemelodia Rosato 8387
Ridondante Gommaccio 8363
Fiero Portaspazzolino 8356
Marmottino Papaya Caricabatterie 8272
Gufino Fragola Lampada 8258
Tromero Trulucina Trulyina 8247
Tartarughino Banana Termos 8239
Lombrico Melagrana Pennarello 8225
Chicleteira Bicicleteira 8139
Rondine Fragola Secchiello 8137
Paffuto Asciugamaccio 8132
Pipistrellino Fragola Chiavetta 8087
Talpa Fragola Moka 8052
Goffo Rubinettozzo 8030
Riccio Uva Ombrellone 8005
Delfino Ananas Faretto 7992
Porcellino Kiwi Bilancia 7982
Gabbiano Uva Pennello 7966
Scoiattolino Fragola Ferro da Stiro 7914
Gabbiano Fragola Contenitore 7894
Cavalluccio Maracuja Bicicletta 7890
Tortapasione Porpora 7874
Porcospino Limone Cestino 7860
Sonnolento Scolapastone 7779
Chimpanzini Banani 7707
Salamandra Papaya Stendibiancheria 7611
Saltimboccagratitudine Oro 7606
Canarino Melone Tappeto 7591
Pipistrellino Pera Forchettina 7563
Cuore Perduto 7488
Giocospuzzo Pallavolazzo 7473
Talpina Ananas Scatola 7472
Allegretto Giraviteccio 7406
Lombrico Kiwi Ombrello 7405
Lucertolino Pera Calcolatrice 7377
Rotondo Sputacchino 7360
Talpino Kiwi Telefono 7343
Serio Scaffaletto 7282
Topaccio Uva Fornello 7240
Cavalluccio Mirtillo Spazzolino 7183
Boom Boom Boom Leonelli Boom Boom Leono 7173
Anatroccolo Melone Gomitolo 7168
Leprotto Pesca Teiera 7121
Bonka Ambalabu 7118
Cotolettacalma Rosa 7086
Makini Banani Macini Banani Laala Trai Grapefruit Grapefruit 7060
Furetto Pesca Scopa 6994
Ranocchio Mango Lampada 6994
Marmotta Banana Tagliere 6982
Fenicottero Melone Filtro 6970
Scoiattolino Limone Valigia 6791
Bruschettagratitudine Giallo 6676
Leonelli 6226
Cerbiatto Uva Orologio 6168
Formichino Melone Stendino 6125
Slim 6117
Pigro Coperlaccio 6108
Tranquillo Sgabellino 6042
Canarino Melagrana Vaso 6024
Incerto Piumaggione 5957
Tartarughina Banana Ferro da Stiro 5687
Gufo Banana Scaffale 5622
Bjolesta Venusa 5588
Sonoro Fermaglietto 5473
Bonita Kero Kerita 5444
Furetto Pera Piatto 5335
Trulimero Trulicina 5333
Toptoby 5280
Maccherone Calmo 5101
Geco Melone Pallone 5088
Lombrichino Mela Zaino 4589
Timido Candelaccio 4391
Strawberry Pe 4117
Cortissimo Pettinaccio 4039
Bicus Dicus De Bicus De Dicus 3792
Calmo Cartellino 3788
Gentile Stufino 3763
Bom Bom Spaghetti Twi Spa 3552
Elegante Cuscinetto 3377
Gracile Spintorello 3263
Lucido Tegamino 3159
Penguino Pandakini Banani Panda Banani 3148
Golubro 3142
Penguino Pandakini Banani 2943
Spaghetti Spaghett 2863
Capivarello Cocosini 1967
Octopusinni 1959
Bobr Cossini 1860
Blueberry Octopusini Bloop Bloop Bloop Octopusy 1686
Morbocavolfiore Granato 1451
Truli Ban Salsiu Salsibou Corriibau 1450
Gelato Bomdiorno 990
Urbana Legio Morango 979
Watermelon Wormi 852
Penguino Cocosino 835
Sophiata Tempesta Perdita 370
