Trombonemaggiolino Mania 36496
Bonidramo Lito 36057
Infinito Vento 36032
Tessitura Eterica 35746
Camparicalo Lava 35489
Onactino Alto 35129
Spettro del Deserto 35034
Cotone Bruciato 34991
Banjoragno Frustrazione 34796
Sicketorri Bello 34743
Limone Disperato 34681
Clarimaggiolino Follia 34642
Dardo di Magia 34578
Spritzinfluenza Tempesta 34511
Anistonimbuto Temporale 34413
Crostino Furioso 34332
Terra Abissale 34287
Tonsilliteravanello Agata Verde 34249
Forza della Fiamma 34136
Violafarfalla Ansietà 34114
Pollo Elettrico 33860
Mabellico Fino 33808
Violapulce Confusione 33734
Sedia Pazza 33651
Illusione Infinita 33631
Spirale Infinita 33473
Tempesta Eterna 33439
Gagalattiera Tornado 33419
Spirito della Montagna 33255
Keanugrattugia Tempesta 33216
Sospeso nel Vuoto 33135
Fata della Notte 33121
Cangurini Banana Ombrelloni 33050
Ombra di Speranza 32980
Teglia Nervosa 32755
Pianozanzara Depressione 32726
Canto Balordo 32702
DiCapriopentolino Goccia 32682
Cieloscuri 32645
Acquacholera Fumo 32604
Mago della Fiamma 32504
Lir Lì Lar Là 32429
Affamato Cavatappone 32428
Uccellino Melone Finestra 32381
Rachiticetriolo Selenite 32342
Abisso di Cera 32339
Fungo Erotico 32273
Mononucleamenta Gesso 32262
Lirabaco Ansietà 32208
Tagliatellatimore Rosso 32195
Sicaspino Malato 32185
Melodia di Cristallo 32073
Violonottola Ansietà 31938
Epatiticarota Sodalite 31903
Zendeaffetta Burrasca 31854
Tromboncicala Follia 31850
Caverna dell'Anima 31845
Frogolino Festoso 31798
Lucertolino Lampone Grattacielo 31793
Beyoncepentola Grandinata 31719
Lasagnapaura Turchese 31700
Poesia Tormentata 31628
Risottopassione Rosso 31592
Pannacottarabbia Viola 31472
Vita Perduta 31462
Riflessione Oscura 31456
Violonottola Panico 31365
Ombra Viscosa 31307
Limoncellobotta Tuono 31241
Umile Candelabroccio 31162
Risottorabbia Giallo 31124
Raggio di Luna 31060
Polpettino Mango Aspiratore 31059
Cappuccino Assassino 31045
Sambucafebbre Ghiaccio 31006
Mandolinaragno Rabbia 30985
Cantacacca Strozzaforte 30983
Rockspremiaglio Fulmine 30955
Riflesso di Speranza 30947
Fisarmonicamosca Delirio 30946
Giraffa Celeste 30933
Bittervaiolo Fumo 30930
Broncoprosciutto Ametista 30874
Contrabbassozanzara Eccitazione 30844
Radice Sonora 30780
Belimatalo Solido 30769
Vortice Gentile 30755
Angoscia della Notte 30736
Crepuscolo Elettrico 30726
Cavallo Drago Litchi Ventilatore 30674
Madoka Magiquita 30672
Memoria Nebulosa 30658
Billiegrattino Vento 30614
Incanto della Luna 30606
Keanuaffettatrice Fulmine 30599
Raggio di Speranza 30587
Vinosofferenza Ghiaccio 30576
Artritemais Giada 30492
Pianolibellula Isteria 30432
Limoncelloraggia Fulmine 30402
Ombra di Vento 30378
Luna Scintillante 30377
Pennello Nervoso 30351
Paintito Della Brush 30326
Battanzaro Zitto 30322
Salmonellapomodori Diaspro Verde 30299
Mare Senza Fine 30238
Drumtromba Chiara 30211
DiCaprioscolapasta Fuliggine 30133
Mandolinogriglia Euforia 30125
Vento Arcoirizzato 30115
Solitudine Grigia 30097
Ombra Magica 30052
Cappello Matto 30012
Cinetesco Largo 29959
Pizza Onirica 29935
Viscera Tenerina 29907
Tappeto Sussurrante 29893
Fiamma di Morte 29879
Ruggito Selvaggio 29875
Futuranzano Verde 29818
Tagliatellatensione Grigio 29816
Coccodrillino Cocco Lavatrice 29747
Morsa Elettrica 29717
Furioso Pallonaccio 29658
Spirale di Luna 29636
Ladybollitore Grandinata 29581
Frammento Etereo 29542
Fiume di Sogni 29536
Terra delle Sirene 29484
DiCapriomestolo Gelo 29464
Orticchicoria Agata 29462
Streepfiltro Nebbiolina 29342
Flautobombo Disperazione 29312
Luna dell'Anima 29309
Actisucchio Veloce 29296
Asbestocavolo Ematite Blu 29235
Deppforchetta Fulmine 29224
Creatura di Speranza 29196
Bassocicala Follia 29190
Battellore Forte 29188
Fiamma dell'Anima 29181
Angelinagrattugia Nubifragio 29179
Cristallo Furioso 29153
Malariarucola Granato 29124
Cinenino Bambino 29052
Bombardiro Crocodilo 29047
Morbiocarciofo Diaspro 29017
Mojitocoriaceo Tuono 29003
Draghetto Uva Catapulta 28995
Actira Pasta 28927
Pastatimore Notturno 28883
Clozucchino Temporale 28864
Flaminaro Fuoco 28837
Arpazanzara Panico 28827
Diarreamandarino Magnetite 28827
Bombard Bombardo Ballerina Cappuccina No No No Espressor Ballerina Cappuccino No no no Espressor Frigo 28785
Cornoragno Delirio 28783
Sussurro Pagano 28753
Jolieimbuto Bruma 28676
Tempesta della Luce 28669
Covidporro Ossidiana 28656
Chinottomalaria Tempesta 28655
Xilobrunella Rabbia 28652
Arancinirabbia Rosso 28532
Febbrucarota Quarzo 28516
Cuore di Magia 28502
Canto Dissonante 28451
Pancreatinastro Pirite 28381
Calamaio Selvaggio 28355
Cornoscarabeo Terrore 28332
Ulcerabietola Ametista 28315
Melodia Schiuma 28314
Polentapaura Marrone 28292
Salame Solare 28282
Stella Impazzita 28274
Panterotto Uva Ferro 28268
Tralalero Tralalá 28233
Tamburoneape Nostalgia 28227
Foglia Stonata 28220
Incanto Cosmico 28200
Chitaracicada Frustrazione 28121
Espressovampata Fumo 28093
Marea Volubile 28063
Varicelzucchina Tormalina 28052
Pianopulce Delirio 28051
Caffetremore Lava 28007
Deartetto Sogno 28005
Torsione Dolce 27951
Coraggio Selvatico 27928
Utopia Oscura 27918
Tetanocipolla Lapislazzuli 27893
Ippopotamino Uva Stendino 27889
Vasca Stonata 27874
Pulsarina Ribelle 27870
Magia Perduta 27856
Flautopidocchio Ossessione 27852
Sogno di Luce 27841
Vento Speziato 27824
Infinito Raggio 27820
Armonicabruco Tristezza 27815
Frammento Urgente 27785
Camparitubercolosi Bruma 27781
Coccodrillino Mora Radioregistratore 27775
Piuma Ribelle 27726
Sogno Sonoro 27646
Fiato Meccanico 27635
Lamento Cosmico 27583
Requiem Mistico 27576
Canto Selvaggio 27528
Coccodrillino Pera Pentola 27477
Todiratta Gustosa 27449
Draghetto Uva Portone 27444
Tum Tum Tum Sahur 27378
Flamiro Cissimo 27368
Mente Astratta 27331
Risata Notturna 27327
Scabbiafagiolo Labradorite 27271
Dentistrullo Mandibaccio 27246
Crespellansia Grigio 27190
Nebbia Sospesa 27149
Tamburettolocusta Frustrazione 27147
Grappareumore Fiamma 27146
Teetubercolosole Vento 27144
Elefantino Cocco Culla 27123
Limonitisole Lava 27086
Anatra Collante 27084
Negronistanchezza Roccia 27071
Ninna Anarchica 27025
Gradetino Facile 27012
Piuma Stonata 27001
Pittmestolo Neve 26985
Cacciatorenvidia Verde 26979
Nervoso Barilaccio 26974
Slanciato Schiaccianocce 26965
Dwaynemacchina Nebbia 26918
Rinoceronte Lampone Martello 26915
Ballata Eterea 26909
Flamano Rino 26884
Pofunghetto Funghi 26869
Deppmestolo Fuliggine 26817
Braciola Mistica 26763
Polvere Alchemica 26751
Vento Tormentato 26746
Carbonaranoia Viola 26729
Stridulo Bidonaccio 26727
Risotto Piangente 26719
Magia Interiore 26675
Pasticcio Gelato 26639
Mago di Tempesta 26635
Drummolano Grande 26596
Essenza Bizzarra 26562
Tormento Astrale 26524
Magia della Luna 26477
Arpacimice Nevrosi 26476
Encefalitebarbabietola Zaffiro 26465
Xilofarfalla Estasi 26459
Spirito di Luce 26452
Colore Tremendo 26440
Pellicano Mirtillo Termometro 26438
Morbillolattuga Tanzanite 26433
Ombra di Cera 26411
Macellobaffa Squartino 26385
Paint Melodia 26364
Beyspatola Temporale 26360
Tiramifunebre Nero 26342
Amaronemorbillo Fiamma 26337
Sick Peperone 26302
Tempesta Interiore 26296
Cavallini Cocco Coltello 26282
Spirito di Guerra 26253
Epilessibroccolo Tormalina Nera 26197
Oboemantide Isteria 26195
Spazzola Cuore 26188
Ombra della Fiamma 26164
Cruisezuccheriera Lampo 26144
Fisboletti Lino 26111
Anistonteglia Rugiada 26102
Cuscino Volante 26101
Mojitotifo Ghiaccio 26086
Birraterrore Tuono 26080
Lupo Melone Tromba 26072
Alba Ruggente 26055
Violavermetta Nevrosi 26015
Ombra Fragile 25985
Biscotto Rumoroso 25979
Spritzorzite Fulmine 25973
Cannellinimelancolia Azzurro 25968
Goccia Gelata 25958
Cidrosarsene Tempesta 25922
Mojitoconvulsione Fiamma 25918
Anima Collosa 25907
Squilibrato Polpettario 25906
Coccodrillino Mela Trombetta 25899
Berber Patapim 25897
Caffesifilide Lava 25863
Goccia Cannibale 25832
Sitarlibellula Felicità 25797
Cielo Strano 25770
Bruschettasdegno Viola 25722
Herpesporro Calcite Rosa 25695
Magia del Silenzio 25693
Cornobruco Tristezza 25688
Zendayagrattugia Grandine 25685
Marmitta Cantante 25678
Mirrenfrusta Tifone 25644
Pittscodella Nevischio 25606
Bretanello Noce 25590
Lattonzuffo Martellazzo 25523
Bruma Flessibile 25511
Verrucalimone Peridoto 25474
Caffè Saltellante 25470
Tifocardo Ferrosite 25470
Stomatitedattero Pirite Rossa 25441
Coraggioso Televisorino 25390
Ombra dell'Anima 25388
Aria Fragorosa 25387
Elefante nel Deserto 25386
Caotico Zampillaccio 25382
Biscotto Tristezza 25377
Bailarina Cappuccina 25362
Ombra Speziata 25350
Cuore Mutevole 25320
Tigrotto Pesca Bicchiere 25320
Bre Patapim 25312
Palude Incantata 25274
Amaronetosse Lava 25268
Gioioso Catenaccione 25266
Paizuchino Dolce 25260
Cammello Banana Cavatappi 25237
Frangia Cosmica 25192
Clooneymestolo Lampo 25161
Pellicano Mango Proiettore 25141
Scarlattirapano Olivina 25098
Elonmestolino Fuliggine 25085
Pittfrullatore Nebbia 25071
Br Br Br Patapim 25064
Mandolinofarfalla Estasi 25056
Cuore di Ombra 25036
Incubo di Magia 24997
Pantera Ananas Pannello 24989
Herpescicoria Zaffiro 24971
Forza Cosmica 24899
Espressor Ballerina Cappuccino 24877
Delfinetto Papaya Secador 24875
Insetto Astrale 24871
Coda del Fato 24868
Colitefinocchio Quarzo Rosa 24866
Pompilastro Fegatone 24841
Bassobruco Confusione 24717
Rantoloso Raccoglitutto 24702
Nodo Lunare 24699
Elefantino Pera Telefono 24610
Elefantini Kiwi Tagliere 24606
Cinghialino Mango Tostapane 24565
Tamburoscarabeo Confusione 24562
Scimmione Uva Forchettone 24549
Gabonino Volante 24548
Tamburettomillepiedi Apatia 24546
Inquieto Stropicciatone 24537
Mandolinomosca Noia 24492
Chinottorrea Roccia 24429
Vinzuccheriera Tempesta 24409
Pipistrellino Melagrana Bottiglia 24399
Xilobrucolo Euforia 24369
Bramoso Coperchione 24368
Flautomoscone Disperazione 24343
Eczemasedano Corallo 24331
Orso Banana Forno 24273
Tipografrana Schizzulone 24237
Timodino Tino 24218
Cristallo Spento 24215
Trombonemosca Caos 24148
Scassinoncio Chiavatta 24140
Tristezza Eterna 24113
Gatto Cosmico 24093
Cacto Ippopotamo 24088
Ombra Eterna 24085
Vinoscarlattite Roccia 24066
Birraemorroide Fulmine 24038
Birrapeste Nebbia 24018
Ridicolo Spazzolaccio 24003
Lampada Gelosia 23997
Brasilini Birimini 23947
Trampo Pasticcio 23940
Cavallone Lampone Termosifone 23893
Tromalino Tetto 23880
Brusco Zainaccino 23877
Ippopotamo Uva Televisori 23834
Pianistronzo Notaculato 23812
Scimmietta Pesca Stendibiancheria 23800
Felice Bracciolone 23751
Arancia Melodica 23747
Cavallo Pera Proiettore 23718
Gomitolo Cantante 23698
Finto Martellaccio 23694
Vinobrivido Ghiaccio 23692
Spaghettimisero Grigio 23684
Vetraiozitto Urlettone 23657
Buttaguai Spargitoro 23656
Ridente Pungiglionaccio 23651
Sitarscarabeo Rabbia 23607
Pilostrozzo Cacaturbina 23596
Brivido Soffice 23580
Bonito Pomodoro 23540
Orsettini Cocco Cacciavite 23498
Eilishteglia Vento 23475
Spirale Bianca 23440
Clarinettoformica Panico 23419
Gastritepomodoro Topazio 23410
Arpavermetta Paranoia 23408
Vinoscollera Vento 23399
Gastritipomodoro Larimar 23328
Vento Tempestoso 23315
Lasagnatriste Verde 23307
Gessatorrendo Scracchino 23265
Vendivomito Scassabrutto 23170
Bianco Profondo 23153
Hemsworthcolino Pioggia 23138
Clarilocusta Tristezza 23116
Elonzucchino Tifone 23097
Dottoscrocco Cacarelli 23091
Minestranostalgia Ruggine 23064
Risottodelirio Verdeacido 23051
Caponatasconfitta Blu 23024
Bigtellina Piccola 23009
Scontroso Pestacarnezzo 23006
Zuppainvidia Blu 22989
Dubbioso Ombrellaccio 22988
Raviolifurore Cremisi 22974
Sogno Perduto 22973
Lentezza Ribollita 22959
Riflesso Turbato 22948
Spazzastruzzo Ramazzella 22908
Fiamma Solitaria 22901
Influzzucchero Diamante 22897
Luce Rossa 22851
Stitichettimo Cristallo 22836
Swiftpentolino Neve 22797
Ballerina Ballerina Capuccina 22773
Tortellinfelicità Nero 22766
Sfera Inquieta 22752
Ruggente Pennarellone 22744
Stella Oscura 22714
Trambisotto Fritto 22683
Calzoneodio Nero 22663
Negronibronchite Ciclone 22636
Serpentello Ananas Pennello 22612
Scrivomatto Penacchio 22544
Tic Tac Leine Del Cactus Miuro Crocodilo 22524
Barbisputa Rasponello 22514
Carta Bagnata 22498
Zendayacoltello Tornado 22491
Sprumoniustione Fulmine 22490
Dermatitedaneto Ambra 22484
Ryancolapasta Caligo 22479
Tenda Vagabonda 22438
Grappatensione Neve 22435
Capra Cocco Tavolino 22421
Eclisse Infantile 22398
Fastidioso Saponaccio 22353
Lasagna Lucida 22305
Caffemigraine Fulmine 22291
Radice Oscura 22289
Rockpiatto Bruma 22216
Polline Magico 22166
Urlaprofumo Mugellone 22140
Armonicacimice Caos 22113
Brullo Cassonettone 22102
Swiftcavatappi Scirocco 22079
Nuvola Croccante 22068
Panino Confuso 22062
Brodo Canterino 22048
Segnapanza Ruttasquillo 22045
Sinusitofava Malachite 22043
Flycarpino Volante 22011
Pockletto Crocco 22010
Amaronedisagio Fumo 21999
Cacciatorepaura Marrone 21998
Volante Tappacchiotto 21983
Cuore Distorto 21981
Caffestitichezza Tuono 21979
Potere di Guerra 21976
Joliefrusta Vento 21964
Billieimbuto Foschia 21959
Ingegnasbaffo Trucchiati 21954
Scorbucetriolo Diaspro 21870
Cielo di Fuoco 21853
Cervo Cocco Coppa 21768
Volpe Limone Forchettone 21760
Kidmanmestolo Foschia 21665
Birraspossatezza Vento 21636
Afflitto Portavivandezzo 21613
Cagnolino Kiwi Frigorifero 21592
Dispettoso Cricchettino 21569
Serpentello Melagrana Contenitore 21532
Itterbambù Argento 21494
Sacrestonfo Benedacchio 21479
Fotopuzzo Lampadaccio 21443
Mandria Iperuranica 21402
Ombra del Vuoto 21389
Cammellini Litchi Candelabro 21371
Pocket Tromba 21367
Sambucafreddo Ghiaccio 21343
Cinghialino Uva Pannello Solare 21317
Mojitolacrima Roccia 21288
Volta Selvaggia 21270
Lama Liquida 21268
Bombini Gusini 21263
Tempesta Molle 21241
Fenicottero Fragola Piumone 21238
Ruggente Straccettone 21235
Gnocchidisperazione Grigio 21205
Kendriki Bombariro Lamarito 21151
Frittatrancore Lattiginoso 21123
Pastacciere Vomelardo 21060
Istrice Melagrana Cuscino 21026
Spritzapatia Bruma 21008
Chimpanzini Banana Capuccino Bona Ambal Bonka Ambulabu 20959
Parrufanfo Testalonzo 20945
Orticaradicchio Amazzonite 20899
Strambo Tappettino 20888
Crepuscolo Vocale 20862
Spumantite Bruma 20769
Scimmietta Mirtillo Casseruola 20760
Oscuro Candeliereccio 20692
Mozzarella Timida 20645
Pungente Arrotinozzo 20633
Airone Kiwi Macchina 20626
Cacciabuco Tintocchio 20567
Spazzasputo Canforaccio 20545
Vaca Saturno Saturnita 20536
Meschino Lavapiattone 20450
Rihannacoltello Rugiada 20406
Sentimento Melodico 20353
Pompacchino Sgocciolato 20344
Vorace Barattolone 20322
Violastracco Struscione 20320
Autistofango Baccalunto 20308
Teeanemia Vento 20303
Bronchivitepatata Pirite 20293
Torvo Ventagliaccio 20283
Molle Pasticcione 20280
Segrestupido Cartoccio 20257
Coco Fanto Elefanto 20241
Malnato Pannolazzo 20193
Vento della Morte 20189
Lacrima Sonora 20176
Coniglietto Lampone Frullino 20171
Tasso Papaya Ombrellone 20151
Bruma Sospesa 20148
Cielo di Ombra 20144
Ippopotamino Lampone Camion 20132
Teediabete Tempesta 20120
Rosoliarucola Malachite 20110
Gnocchicompulsione Verde 20107
Pavone Cocco Tappeto 20081
Hemsworthapriglia Umidità 20079
Carciofo Furbetto 19982
Mun Elephanti Banuchi 19975
Leoimbuto Foschia 19957
Frollo Trinciapizzone 19949
Donnola Uva Microonde 19924
Bottone Sognante 19911
Angoscia Cosmica 19894
Curvo Cappottone 19894
Cammellino Melagrana Specchio 19888
Fuoco Gelido 19886
Fabbroceffo Puzzalampo 19869
Restapello Stoppo 19835
Triste Frigorifettino 19835
Boom Boom Beini Guin 19799
Alopeciaspinacio Calcite 19784
Neve Liquida 19741
Gorini Banani 19739
Giocherellone Armadietto 19736
Resgelatino Freddo 19695
Truly Truly China Gangster Gangster 19684
Cuocoflato Spizzatone 19658
Porcellino Uva Tagliere 19655
Maialino Maracuja Vassoio 19632
Archetruzzo Piastrolone 19630
Scarpa Lunatica 19585
Bigabbiano Mare 19578
Zucchina Allegra 19575
Celere Cintolaccio 19559
Clarinettoape Mania 19544
Pavone Melagrana Lanterna 19459
Acquapanico Bruma 19444
Cornopidocchio Tristezza 19436
Talpa Ananas Cassettiera 19405
Sambucabrivido Neve 19394
Salamandra Mora Portaoggetti 19371
Riniteorigano Titanite 19353
Fantasma Dolcezza 19345
Nevrastenico Cacciavitto 19343
Melanzanapensiero Viola 19335
Vinosudorazione Roccia 19259
Frittatarosica Arancione 19222
Cavallo Limone Radiatore 19149
Carpialletto Tronfalone 19147
Tubercolspinacio Rubino 19147
Armonicatarma Stanchezza 19124
Lucertola Mora Aspirapolvere 19102
Flyalino Vento 19058
Pinguino Melone Frullatore 19056
Delfinetto Pera Ventilatore 19050
Airone Melagrana Pennello 19047
Ombrello Salato 19033
Caffedelirio Tuono 19011
Fruttoladro Ciufagnone 19009
Grosso Scaldino 18975
Pipistrellino Fragola Cucchiaino 18941
Meccatrasto Vongolazzi 18940
Focchetta Kiwi Cuscino 18930
Leporino Limone Lampione 18923
Gattone Fragola Secchiello 18900
Grapparitite Nebbia 18894
Dergelatono Freddo 18877
Cervo Cocco Candelina 18839
Tramezzindignazione Giallo 18819
Canzone Troncata 18796
Cameroscroto Pastonello 18778
Tigini Watermeli 18775
Slefiorano Soffice 18749
Gangst Fruteira Criminaleira 18681
Snodato Sbucciatorello 18652
Orsacchiotto Cocco Ventilatore 18647
Wupallo Svegliato 18615
Imbianzabozzo Pittocchio 18601
Cerbiatto Uva Campanello 18590
Belinello Forte 18586
Candidalenticchia Ematite 18565
Homurita Tempo Magiata 18552
Fruttavomito Stendipanni 18471
Delfino Pera Miscelatore 18459
Cocoanto Elephanto 18376
Pizzagioia Rosa 18321
Wapastellino Leggero 18279
Crespellira Fucsia 18273
Orangutini Anioli 18252
Porcellino Mango Cavatappi 18230
Eco Fragola 18224
Gufetto Uva Casco 18217
Violamillepiedi Apatia 18126
Pipistrello Papaya Altalena 18075
Bom Bom Bom Tigini Watermeli 18049
Riccetto Melone Grattugia 18021
Agnolottinostalgia Blu 18019
Wakinglenticchio 17994
Bruschettatensione Verde 17960
Resturattino Piccolo 17952
Cigno Uva Contenitore 17946
Chitarronzo Solfeggione 17945
Salsiccia Fragile 17929
Pavone Banana Tovagliolo 17833
Piadinapatia Grigia 17813
Cinghialino Limone Teglia 17807
Cucina Saudade 17764
Pipistrello Banana Televisore 17736
Lasagnacredenza Verde 17730
Topolino Cocco Orologio da Parete 17688
Donnola Melone Piatto 17584
Torrente Imburratorello 17577
Paninicuriosità Marrone 17557
Cervo Lampone Calzascarpe 17437
Viscido Tegolone 17426
Stupito Appendicolone 17394
Commersbufa Cartolaccio 17362
Sbuffante Soffiacchiotto 17321
Rantolante Vassoiaccio 17258
Gelatotristezza Rosa 17233
Nevrile Annusatoreccio 17198
Tartaruga Fragola Trombetta 17155
Cignolino Fragola Innaffiatoio 17143
Gorillo Watermelon Drill 17126
Pavoncello Limone Rubinetto 17123
Cupo Lucernaccio 17110
Librastrambo Paginonzo 17108
Orsetto Kiwi Secchiello 17079
Leprotto Banana Forbice 17057
Pasticcafone Schizzotto 17018
Opossum Fragola Termometro 16986
Falchetto Banana Cassettiera 16969
Gabbiano Limone Casco 16948
Anginamelanzana Smeraldo 16937
Volpino Papaya Ombrello 16929
Lucertola Fragola Apribottiglie 16902
Rosolialattuga Fluorite 16871
Cammello Fragola Teiera 16810
Tasso Kiwi Microfono 16809
Tamburo Calante 16781
Bradcoltello Foschia 16774
Cacchiallegrone Tegoloso 16750
Lercio Secchiellaccio 16730
Salamandrina Kiwi Caricabatteria 16717
Orsetto Mora Macinacaffè 16705
Oca Melagrana Piattaforma 16699
Gattone Limone Zainetto 16686
Pazzo Bacinello 16638
Cavalluccio Melagrana Portaombrelli 16618
Fenicottero Mora Cestino 16609
Maialino Lampone Scatola 16556
Leopardi Grapefruit Tui 16553
Psoriasicavolo Opale 16526
Pavone Cocco Candelabro 16524
Bizzarro Forchettone 16508
Saldapuzzo Scorcianotte 16487
Koala Mango Stampino 16484
Clooneypentola Pioggia 16442
Ranocchio Kiwi Tenda 16372
Marmottino Kiwi Temperamatite 16337
Sghembo Zampirone 16307
Sfumato Portone 16298
Frigo Camelo 16230
Topolino Melagrana Cuscino 16207
Tazza Romantica 16166
Speziato Frullonaccio 16162
Gioioso Cappellone 16130
Rockimbuto Rugiada 16061
Tarchiato Copribottone 16058
Pavoncello Mela Specchietto 16013
Postitrullo Letteraccio 16007
Pappagallo Mirtillo Lente 15998
Pappagallo Cocco Tavola 15996
Frivolo Stendinaccio 15986
Istrice Papaya Mappamondo 15974
Cavalluccio Mora Ombrello 15957
Scontroso Lampadario 15932
Scoiattolo Ananas Tostapane 15913
Pipistrello Lampone Ventaglio 15904
Tung Tung 15873
Cortese Innaffiatone 15840
Ascaridiasalvia Rodonite 15834
Boom Boom Boom Leopardi Grapefruit Duji 15822
Gattino Mora Cucchiaio 15820
Cavallino Fragola Piuma 15802
Anziano Bastonaccio 15792
Castoro Mela Candelabro 15766
Anatroccolo Papaya Appendiabiti 15744
Gelata Pazienza 15709
Cigno Maracuja Scatola 15705
Grappalergia Neve 15637
Scoiattolino Maracuja Teglia 15630
Sirena Elettrica 15546
Cucchiaio Strano 15529
Frulli Frullà 15505
Salamandra Melagrana Padella 15502
Leprotto Kiwi Mixer 15489
Cinghialino Mela Forchetta 15465
Fenicottero Mela Specchietto 15325
Topolino Papaya Lattina 15287
Cavallino Fragola Timer 15235
Procione Limone Piastrella 15227
Buffo Cavatortaccio 15125
Geco Uva Grattugia 15121
Salamandrina Uva Barattolo 15118
Capresesogno Lilla 15056
Lemurino Melanzana Forchetta 14991
Melanzanadispetto Nero 14990
Allegrotto Strizzapannone 14974
Opossum Lampone Bicchiere 14962
Salamandrino Limone Frullatore 14901
Capretta Melone Anello 14808
Espressopidocchio Fiamma 14806
Maialino Kiwi Pennarello 14793
Rihannabicchiere Gelo 14761
Cavallino Mora Portaocchiali 14755
Hippopotamino Lol Giraffe Vest 14716
Gufo Mora Bastone 14656
Sottile Frustaccino 14613
Bananucci Monkey Monkey Monkeyci 14604
Minestrapietà Lilla 14503
Trippi Troppi Troppa Trippa 14496
Allegro Cuchinello 14390
Canarino Lampone Carrello 14333
Minestrasolitudine Turchese 14287
Fenicotterino Pera Giradischi 14273
Scoiattolo Banana Vassoio 14258
Anatroccolo Fragola Lampada 14256
Furetto Maracuja Teglia 14251
Uistitì Ananas Radiatore 14233
Scostante Grattapiedone 14230
Tasso Cocco Contenitore 14224
Furetto Lampone Cuscinetto 14206
Formichiere Fragola Catino 14179
Bancascemo Fognabrillo 14173
Peloso Cassettozzo 14164
Puzzolino Banana Coperchio 14148
Sleepiatto Buono 14130
Focacciasperanza Azzurro 14123
Passerotto Mango Portachiavi 14108
Gufo Limone Binocolo 14102
Saturno Saturnita 14056
Urubini Flamenguini 14055
Zebrachini Zebra Zebra Zebraini Zip Zip 14047
Salamandrone Fragola Paletta 13996
Salamandra Kiwi Portafoglio 13963
Lunatico Scolabrodetto 13919
Tartaruga Cocco Bicicletta 13874
Gattoni Ananas Martellino 13860
Lucertola Papaya Cucchiaio 13847
Pinguino Mela Copertina 13830
Tartarughina Banana Secador 13813
Bananita Dolphin 13761
Tropic e Chipa Vuole Nulla Trippers Trulimero Trulicina Trer Tricina Ile Tin In Piscina Formaggio Sulla Trulla Lima 13729
Cignolino Mirtillo Lampione 13726
Annoiato Pentolaccio 13701
Falchetto Fragola Cavatappi 13639
Scoiattolo Limone Termoventilatore 13625
Pappagallino Maracuja Piumone 13616
Gufo Cocco Faretto 13595
Opossum Maracuja Cintura 13574
Puzzolino Fragola Scatoletta 13558
Rondinella Mela Zuccheriera 13541
Contascorreggia Fattufino 13526
Biscottina Morbida 13504
Topino Mora Fermacarte 13501
Pannacottamore Bianco 13471
Gattone Pera Portafoto 13460
Confuso Piattone 13454
Ghiacciato Bottiglione 13449
Volpetta Limone Ventaglio 13434
Morbido Piumaccio 13426
Asmabasilico Onice 13416
Cervo Pesca Piatto 13314
Gabbianello Uva Vassoio 13266
Scoiattolo Maracuja Portapenne 13264
Riccio Fragola Spazzola 13260
Volpina Uva Mascherina 13235
Castoro Banana Bicchiere 13198
Castorino Melagrana Rullo 13122
Topolino Fragola Zainetto 13110
Sprezzante Stendipanni 13102
Ghiro Maracuja Mestolo 13090
Capretta Mora Gomitolo 13046
Gabbianotto Lampone Sedia 13029
Porcospino Kiwi Cornice 12995
Melanita Martinera 12964
Procione Pera Borraccia 12952
Koala Papaya Scaffale 12931
Lombrichino Fragola Rullo 12893
Stivale Profumato 12873
Misterioso Calzettone 12848
Trombetta Pigra 12767
Tonto Scarpino 12763
Salamandrina Cocco Manopola 12738
Gaio Sottobicchierone 12723
Makini Banani 12714
Vetroludo Pannicciotto 12712
Zonzo Pannolaccio 12701
Cavallino Mela Mattarello 12690
Istrice Fragola Gabbia 12672
Cignolino Lampone Copertina 12670
Pinguino Papaya Vaso 12663
Cavalluccio Ananas Tagliere 12644
Glorbo Frutto Drillo 12638
Gagaspremilimone Vento 12618
Anatroccolo Melone Triciclo 12599
Severo Divanetto 12419
Lemure Fragola Porta 12385
Gattino Fragola Cavatappi 12359
Lupetto Ciliegia Panca 12359
Opossum Mela Posacenere 12347
Volpetta Lampone Pad 12345
Volpacchiotto Melagrana Stampante 12220
Goffo Rubinettozzo 12163
Cavalluccio Banana Lanterna 12143
Paffuto Asciugamaccio 12081
Volpacchiotto Papaya Presina 12021
Cavallino Uva Proiettore 11980
Strascicato Fermacapino 11960
Clebomb 11941
Tiramisugratitudine Oro 11917
Ghiro Uva Posacenere 11896
Gufo Fragola Carillon 11863
Panemelodia Rosato 11839
Porcospino Melone Gabbietta 11818
Cerbiattino Lampone Timbale 11817
Taur Track Bar Track Satalito 11759
Gabbiano Fragola Contenitore 11747
Geco Papaya Stampante 11704
Scoiattolino Lampone Tastiera 11680
Gatto Mora Tenda 11597
Maialino Fragola Spremiagrumi 11596
Delfino Banana Mixer 11498
Riccetto Mela Orologio 11495
Sonnolento Scolapastone 11472
Scoiattolino Fragola Ferro da Stiro 11467
Ghiro Melone Cappello 11440
Marmotta Melone Macinapepe 11422
Chimpanzini Banani 11421
Tartarughino Banana Termos 11348
Ghiro Papaya Griglia 11339
Giocospuzzo Pallavolazzo 11291
Bobrito Bondito 11248
Porcellino Kiwi Bilancia 11206
Malamé Amareló 11192
Ghiro Maracuja Specchio 11113
Pipistrellino Fragola Chiavetta 11055
Donnola Pera Ragnatela 11033
Puzzolino Melone Cassetto 11006
Saltimboccagratitudine Oro 10973
Tortapasione Porpora 10956
Topolino Cocco Dispenser 10878
Fenicottero Melone Filtro 10866
Criceto Papaya Dado 10829
Tartarughina Melagrana Gabbia 10818
Cavalluccio Mora Vaso 10773
Delfino Ananas Faretto 10760
Serio Scaffaletto 10712
Marmottino Papaya Caricabatterie 10701
Bonita Kero Kerita 10700
Rondine Fragola Secchiello 10681
Chicleteira Bicicleteira 10646
Rotondo Sputacchino 10597
Ridondante Gommaccio 10596
Istricino Pera Trappola 10543
Puzzola Mela Orologio 10522
Istricino Banana Sedia 10461
Cotolettacalma Rosa 10343
Pigro Coperlaccio 10341
Gufino Fragola Lampada 10335
Pipistrellino Pera Forchettina 10318
Puzzolino Mirtillo Forbice 10207
Scoiattolo Lampone Stivale 10128
Formichino Banana Padella 10061
Cavalluccio Maracuja Bicicletta 10046
Riccio Uva Ombrellone 10029
Tromero Trulucina Trulyina 10022
Puzzola Mango Microfono 10014
Lombrico Melagrana Pennarello 9945
Gabbiano Uva Pennello 9895
Canarino Melone Tappeto 9811
Lucertolino Mora Taglierino 9742
Anatroccolo Melone Gomitolo 9648
Makini Banani Macini Banani Laala Trai Grapefruit Grapefruit 9626
Talpa Fragola Moka 9462
Tranquillo Sgabellino 9420
Marmotta Banana Tagliere 9403
Lucertolino Pera Calcolatrice 9278
Incerto Piumaggione 9171
Bruschettagratitudine Giallo 9164
Cuore Perduto 9138
Scoiattolino Limone Valigia 9083
Porcospino Limone Cestino 9056
Allegretto Giraviteccio 8970
Cavalluccio Mirtillo Spazzolino 8884
Fiero Portaspazzolino 8861
Furetto Pesca Scopa 8822
Tartarughina Banana Ferro da Stiro 8772
Cerbiatto Uva Orologio 8636
Talpino Kiwi Telefono 8629
Boom Boom Boom Leonelli Boom Boom Leono 8531
Bonka Ambalabu 8481
Talpina Ananas Scatola 8476
Canarino Melagrana Vaso 8446
Leprotto Pesca Teiera 8363
Salamandra Papaya Stendibiancheria 8207
Leonelli 8081
Bjolesta Venusa 8051
Formichino Melone Stendino 8029
Ranocchio Mango Lampada 8027
Lombrico Kiwi Ombrello 8006
Sonoro Fermaglietto 7935
Furetto Pera Piatto 7533
Maccherone Calmo 7506
Topaccio Uva Fornello 7493
Gufo Banana Scaffale 7448
Toptoby 7083
Geco Melone Pallone 6875
Timido Candelaccio 6845
Trulimero Trulicina 6794
Bom Bom Spaghetti Twi Spa 6514
Slim 6445
Lucido Tegamino 6387
Strawberry Pe 6072
Bicus Dicus De Bicus De Dicus 6068
Gentile Stufino 5845
Gracile Spintorello 5743
Cortissimo Pettinaccio 5654
Lombrichino Mela Zaino 5637
Spaghetti Spaghett 5473
Elegante Cuscinetto 5373
Calmo Cartellino 5047
Penguino Pandakini Banani Panda Banani 4659
Penguino Pandakini Banani 4374
Golubro 4063
Truli Ban Salsiu Salsibou Corriibau 3590
Capivarello Cocosini 3353
Octopusinni 3234
Blueberry Octopusini Bloop Bloop Bloop Octopusy 2759
Morbocavolfiore Granato 2680
Bobr Cossini 2640
Sophiata Tempesta Perdita 2487
Urbana Legio Morango 2288
Gelato Bomdiorno 2254
Penguino Cocosino 1484
Watermelon Wormi 1464
