Braseiro de pedra
Pedra 10
Carvão 1
Fibra 5
Braseiro de barro
Não encontrado
(Fertilizante Premium, (Caminho de cristal, None, (Espantalho, None, None)), (Vaso de Jardim, (Totem de Teletransporte: Ilha, None, None), None))
(Apiário, None, (Jarra de conserva, None, (Semente de Fibra, None, (Totem de Teletransporte: Deserto, None, None))))
(Ímã, (Isca, (Braseiro de toco de árvore, None, None), None), None)
(Totem de teletransporte: Montanhas, None, None)
(Prensa de queijo, (Caminho de cascalho, (Boia-armadilha, None, (Braseiro dourado, None, None)), (Cesto de minhocas, None, (Moedor de Ossos, None, None))), None)
(Solo Retentor Premium, (Anel de Casamento, None, (Poste de luz lígneo, None, None)), None)
(Cerca de madeira, (Cerca de Pedra, None, None), (Totem de teletransporte: Fazenda, None, None))
(Máquina de maionese, (Elixir da vida, None, None), (Sementes Silvestres (Ver), (Piso Rústico de Tábuas, None, None), None))
(Gerador de óleo, (Defumador de Peixes, (Braseiro de madeira, (Bloco de bateria, None, None), None), (Fogueira, None, None)), (Sementes Silvestres (Out), (Máquina de Iscas, None, None), None))
(Portão, (Piso de palha, (Anzol farpado, None, None), None), None)
(Cerca de ferro, None, (Solo retentor de qualidade, (Isca selvagem, None, (Placa de Madeira, None, None)), None))
(Cerca de madeira de lei, (Aspersor, (Anzol, None, None), None), (Placa de Pedra, None, None))
(Mudas de grama, (Anel de irídio, None, (Cabeça de abóbora, None, None)), None)
(Bombinha, (Bomba, (Boia de Qualidade, (Bloco de flauta, None, None), None), None), (Para-raios, (Munição explosiva, None, None), (Tronco de Cogumelo, None, None)))
(Isca artificial, (Covo, (Braseiro de barril, (Barril de flores, None, None), None), None), (Prensa de Gosmas, None, (Totem de teletransporte: Praia, None, None)))
(Aspersor de qualidade, (Anel duro, (Anel de guerreiro, None, None), None), (Fertilizante de qualidade, (Caminho de pedra arredondada, None, None), (Piso Passarela de Pedra, None, None)))
(Totem de chuva, None, None)
(Boia de cortiça, None, (Gerador de sementes, None, None))
(Tear, (Hiper Solo Foliar, (Braseiro esculpido, None, None), (Sementes antigas, (Poste de luz férreo, None, None), None)), (Óleo de alho, (Torneirinha Pesada, None, None), None))
(Aspersor de irídio, None, (Fertilizante básico, (Esmagador de Geodos, None, None), None))
(Anel de Pedra Luminosa, None, (Lanchinho, None, None))
(Piso desgastado, (Braseiro de pedra, (Braseiro de crânio, None, None), (Incubador de gosmas, None, None)), None)
(Barril de madeira, None, (Piso de cristal, (Caça ao tesouro, None, (Isca Mágica, (Incubadora de Avestruzes, (Cesto de Minhocas de Luxo, None, None), None), None)), None))
(Desidratador, (Cristalário, None, None), (Solo retentor, (Piso de pedra, None, None), None))
(Sementes Silvestres (Inv), (Caminho de Pedras Polidas, (Anel de Ioba, None, (Baú, None, None)), (Escadaria, None, None)), None)
(Solo Foliar, (Braseiro de mármore, None, (Carvoaria, None, (Máquina de reciclagem, None, None))), (Tocha, None, None))
(Fertilizante de Árvore, (Espantalho de luxo, None, None), (Piso de madeira, None, None))
(Barril, None, (Sementes Silvestres (Prim), (Caminho de madeira, None, (Estátua maligna, None, None)), (Torneirinha, None, None)))
(Megabomba, (Broto de Chá, None, (Filé de Inseto, None, (Fornalha, None, None))), (Solo Foliar Premium, (Piso de tijolo, None, None), None))
Fogueira
Pedra 10
Madeira 10
Fibra 10
Fogueira Enorme
Não encontrado
(Fertilizante Premium, (Caminho de cristal, None, (Espantalho, None, None)), (Vaso de Jardim, (Totem de Teletransporte: Ilha, None, None), None))
(Apiário, None, (Jarra de conserva, None, (Semente de Fibra, None, (Totem de Teletransporte: Deserto, None, None))))
(Ímã, (Isca, (Braseiro de toco de árvore, None, None), None), None)
(Totem de teletransporte: Montanhas, None, None)
(Prensa de queijo, (Caminho de cascalho, (Boia-armadilha, None, (Braseiro dourado, None, None)), (Cesto de minhocas, None, (Moedor de Ossos, None, None))), None)
(Solo Retentor Premium, (Anel de Casamento, None, (Poste de luz lígneo, None, None)), None)
(Cerca de madeira, (Cerca de Pedra, None, None), (Totem de teletransporte: Fazenda, None, None))
(Máquina de maionese, (Elixir da vida, None, None), (Sementes Silvestres (Ver), (Piso Rústico de Tábuas, None, None), None))
(Gerador de óleo, (Defumador de Peixes, (Braseiro de madeira, (Bloco de bateria, None, None), None), (Fogueira, None, None)), (Sementes Silvestres (Out), (Máquina de Iscas, None, None), None))
(Portão, (Piso de palha, (Anzol farpado, None, None), None), None)
(Cerca de ferro, None, (Solo retentor de qualidade, (Isca selvagem, None, (Placa de Madeira, None, None)), None))
(Cerca de madeira de lei, (Aspersor, (Anzol, None, None), None), (Placa de Pedra, None, None))
(Mudas de grama, (Anel de irídio, None, (Cabeça de abóbora, None, None)), None)
(Bombinha, (Bomba, (Boia de Qualidade, (Bloco de flauta, None, None), None), None), (Para-raios, (Munição explosiva, None, None), (Tronco de Cogumelo, None, None)))
(Isca artificial, (Covo, (Braseiro de barril, (Barril de flores, None, None), None), None), (Prensa de Gosmas, None, (Totem de teletransporte: Praia, None, None)))
(Aspersor de qualidade, (Anel duro, (Anel de guerreiro, None, None), None), (Fertilizante de qualidade, (Caminho de pedra arredondada, None, None), (Piso Passarela de Pedra, None, None)))
(Totem de chuva, None, None)
(Boia de cortiça, None, (Gerador de sementes, None, None))
(Tear, (Hiper Solo Foliar, (Braseiro esculpido, None, None), (Sementes antigas, (Poste de luz férreo, None, None), None)), (Óleo de alho, (Torneirinha Pesada, None, None), None))
(Aspersor de irídio, None, (Fertilizante básico, (Esmagador de Geodos, None, None), None))
(Anel de Pedra Luminosa, None, (Lanchinho, None, None))
(Piso desgastado, (Braseiro de pedra, (Braseiro de crânio, None, None), (Incubador de gosmas, None, None)), None)
(Barril de madeira, None, (Piso de cristal, (Caça ao tesouro, None, (Isca Mágica, (Incubadora de Avestruzes, (Cesto de Minhocas de Luxo, None, None), None), None)), None))
(Desidratador, (Cristalário, None, None), (Solo retentor, (Piso de pedra, None, None), None))
(Sementes Silvestres (Inv), (Caminho de Pedras Polidas, (Anel de Ioba, None, (Baú, None, None)), (Escadaria, None, None)), None)
(Solo Foliar, (Braseiro de mármore, None, (Carvoaria, None, (Máquina de reciclagem, None, None))), (Tocha, None, None))
(Fertilizante de Árvore, (Espantalho de luxo, None, None), (Piso de madeira, None, None))
(Barril, None, (Sementes Silvestres (Prim), (Caminho de madeira, None, (Estátua maligna, None, None)), (Torneirinha, None, None)))
(Megabomba, (Broto de Chá, None, (Filé de Inseto, None, (Fornalha, None, None))), (Solo Foliar Premium, (Piso de tijolo, None, None), None))
