(Fertilizante Premium, (Caminho de cristal, None, (Espantalho, None, None)), (Vaso de Jardim, (Totem de Teletransporte: Ilha, None, None), None))
(Apiário, None, (Jarra de conserva, None, (Semente de Fibra, None, (Totem de Teletransporte: Deserto, None, None))))
(Ímã, (Isca, (Braseiro de toco de árvore, None, None), None), None)
(Totem de teletransporte: Montanhas, None, None)
(Prensa de queijo, (Caminho de cascalho, (Boia-armadilha, None, (Braseiro dourado, None, None)), (Cesto de minhocas, None, (Moedor de Ossos, None, None))), None)
(Solo Retentor Premium, (Anel de Casamento, None, (Poste de luz lígneo, None, None)), None)
(Cerca de madeira, (Cerca de Pedra, None, None), (Totem de teletransporte: Fazenda, None, None))
(Máquina de maionese, (Elixir da vida, None, None), (Sementes Silvestres (Ver), (Piso Rústico de Tábuas, None, None), None))
(Gerador de óleo, (Defumador de Peixes, (Braseiro de madeira, (Bloco de bateria, None, None), None), (Fogueira, None, None)), (Sementes Silvestres (Out), (Máquina de Iscas, None, None), None))
(Portão, (Piso de palha, (Anzol farpado, None, None), None), None)
(Cerca de ferro, None, (Solo retentor de qualidade, (Isca selvagem, None, (Placa de Madeira, None, None)), None))
(Cerca de madeira de lei, (Aspersor, (Anzol, None, None), None), (Placa de Pedra, None, None))
(Mudas de grama, (Anel de irídio, None, (Cabeça de abóbora, None, None)), None)
(Bombinha, (Bomba, (Boia de Qualidade, (Bloco de flauta, None, None), None), None), (Para-raios, (Munição explosiva, None, None), (Tronco de Cogumelo, None, None)))
(Isca artificial, (Covo, (Braseiro de barril, (Barril de flores, None, None), None), None), (Prensa de Gosmas, None, (Totem de teletransporte: Praia, None, None)))
(Aspersor de qualidade, (Anel duro, (Anel de guerreiro, None, None), None), (Fertilizante de qualidade, (Caminho de pedra arredondada, None, None), (Piso Passarela de Pedra, None, None)))
(Totem de chuva, None, None)
(Boia de cortiça, None, (Gerador de sementes, None, None))
(Tear, (Hiper Solo Foliar, (Braseiro esculpido, None, None), (Sementes antigas, (Poste de luz férreo, None, None), None)), (Óleo de alho, (Torneirinha Pesada, None, None), None))
(Aspersor de irídio, None, (Fertilizante básico, (Esmagador de Geodos, None, None), None))
(Anel de Pedra Luminosa, None, (Lanchinho, None, None))
(Piso desgastado, (Braseiro de pedra, (Braseiro de crânio, None, None), (Incubador de gosmas, None, None)), None)
(Barril de madeira, None, (Piso de cristal, (Caça ao tesouro, None, (Isca Mágica, (Incubadora de Avestruzes, (Cesto de Minhocas de Luxo, None, None), None), None)), None))
(Desidratador, (Cristalário, None, None), (Solo retentor, (Piso de pedra, None, None), None))
(Sementes Silvestres (Inv), (Caminho de Pedras Polidas, (Anel de Ioba, None, (Baú, None, None)), (Escadaria, None, None)), None)
(Solo Foliar, (Braseiro de mármore, None, (Carvoaria, None, (Máquina de reciclagem, None, None))), (Tocha, None, None))
(Fertilizante de Árvore, (Espantalho de luxo, None, None), (Piso de madeira, None, None))
(Barril, None, (Sementes Silvestres (Prim), (Caminho de madeira, None, (Estátua maligna, None, None)), (Torneirinha, None, None)))
(Megabomba, (Broto de Chá, None, (Filé de Inseto, None, (Fornalha, None, None))), (Solo Foliar Premium, (Piso de tijolo, None, None), None))
(Geléia do Rio, (Diamante, None, None), (Sementes Silvestres (Qualquer), None, None))
(Sementes de Jasmim-azul, None, None)
(Geléia da Caverna, (Bulbo de Tulipa, None, None), None)
(Barra de ferro, (Barra Radioativa, None, None), (Uva, (Mármore, (Minério de irídio, None, None), None), None))
(Minério de cobre, (Geléia do Mar, (Carne de inseto, None, (Cesto de minhocas, None, None)), None), (Minério de ferro, None, (Raiz-forte, None, None)))
(Carvão, None, (Qualquer peixe, (Cogumelo vermelho, None, None), None))
(Madeira de lei, (Barra de irídio, None, None), None)
(Minério de ouro, (Fibra, None, None), (Sementes de Miçanga, None, None))
(Resina de carvalho, (Minério Radioativo, (Fragmento de Brasa, None, None), None), None)
(Raiz de inverno, (Cantarelo, None, None), None)
(Barra de ouro, (Alho-poró, None, None), (Xarope de ácer, (Flor de açafrão, None, (Sementes mistas, None, None)), None))
(Lágrima congelada, None, None)
(Barra de cobre, (Asa de morcego, None, None), (Semente de ácer, None, None))
(Essência nula, (Ervilha-de-cheiro, None, None), (Fragmento de Osso, None, (Pinha, None, (Sementes de papoula, None, None))))
(Cogumelo comum, (Bolota, None, None), (Óleo, None, None))
(Pedra, (Alcatrão de pinho, None, (Narciso, (Coco, None, None), None)), (Água-marinha, None, None))
None
(Quartzo de fogo, (Fragmento prismático, None, None), None)
(Dente-de-leão, None, None)
(Cristal de terra, None, (Morel, (Dente de Dragão, None, None), None))
(Seiva, (Ameixa selvagem, None, (Amora, None, None)), (Semente antiga, None, None))
(Madeira, None, None)
(Gosma, (Café de jardim, (Alho, None, None), (Coral, None, (Gengibre, None, None))), None)
(Fruta de cristal, (Abóbora, None, None), (Inhame de neve, None, (Tecido, (Mel, None, None), (Óleo de trufas, None, None))))
None
(Conjunto de pilhas, (Avelã, None, (Com a profissão Armadilheiro: Madeira, None, None)), (Tocha, (Ouriço-do-mar, None, None), None))
(Cogumelo roxo, None, None)
(Essência solar, (Argila, None, None), (Quartzo refinado, None, None))
(Musgo, None, None)
Torneirinha Pesada
Madeira de lei 30
Barra Radioativa 1
Madeira de lei
Cerca de madeira de lei
Prensa de queijo
Gerador de óleo
Barril de madeira
Defumador de Peixes
Boia de cortiça
Braseiro esculpido
Braseiro de toco de árvore
Braseiro de crânio
Incubadora de Avestruzes
Torneirinha Pesada
Cesto de minhocas
Tronco de Cogumelo
Totem de teletransporte: Praia
Totem de teletransporte: Montanhas
Totem de teletransporte: Fazenda
Totem de Teletransporte: Deserto
Totem de Teletransporte: Ilha
Totem de chuva
Esmagador de Ossos
Não encontrado
Sementes de Miçanga Verdes
Não encontrado
(Fertilizante Premium, (Caminho de cristal, None, (Espantalho, None, None)), (Vaso de Jardim, (Totem de Teletransporte: Ilha, None, None), None))
(Apiário, None, (Jarra de conserva, None, (Semente de Fibra, None, (Totem de Teletransporte: Deserto, None, None))))
(Ímã, (Isca, (Braseiro de toco de árvore, None, None), None), None)
(Totem de teletransporte: Montanhas, None, None)
(Prensa de queijo, (Caminho de cascalho, (Boia-armadilha, None, (Braseiro dourado, None, None)), (Cesto de minhocas, None, (Moedor de Ossos, None, None))), None)
(Solo Retentor Premium, (Anel de Casamento, None, (Poste de luz lígneo, None, None)), None)
(Cerca de madeira, (Cerca de Pedra, None, None), (Totem de teletransporte: Fazenda, None, None))
(Máquina de maionese, (Elixir da vida, None, None), (Sementes Silvestres (Ver), (Piso Rústico de Tábuas, None, None), None))
(Gerador de óleo, (Defumador de Peixes, (Braseiro de madeira, (Bloco de bateria, None, None), None), (Fogueira, None, None)), (Sementes Silvestres (Out), (Máquina de Iscas, None, None), None))
(Portão, (Piso de palha, (Anzol farpado, None, None), None), None)
(Cerca de ferro, None, (Solo retentor de qualidade, (Isca selvagem, None, (Placa de Madeira, None, None)), None))
(Cerca de madeira de lei, (Aspersor, (Anzol, None, None), None), (Placa de Pedra, None, None))
(Mudas de grama, (Anel de irídio, None, (Cabeça de abóbora, None, None)), None)
(Bombinha, (Bomba, (Boia de Qualidade, (Bloco de flauta, None, None), None), None), (Para-raios, (Munição explosiva, None, None), (Tronco de Cogumelo, None, None)))
(Isca artificial, (Covo, (Braseiro de barril, (Barril de flores, None, None), None), None), (Prensa de Gosmas, None, (Totem de teletransporte: Praia, None, None)))
(Aspersor de qualidade, (Anel duro, (Anel de guerreiro, None, None), None), (Fertilizante de qualidade, (Caminho de pedra arredondada, None, None), (Piso Passarela de Pedra, None, None)))
(Totem de chuva, None, None)
(Boia de cortiça, None, (Gerador de sementes, None, None))
(Tear, (Hiper Solo Foliar, (Braseiro esculpido, None, None), (Sementes antigas, (Poste de luz férreo, None, None), None)), (Óleo de alho, (Torneirinha Pesada, None, None), None))
(Aspersor de irídio, None, (Fertilizante básico, (Esmagador de Geodos, None, None), None))
(Anel de Pedra Luminosa, None, (Lanchinho, None, None))
(Piso desgastado, (Braseiro de pedra, (Braseiro de crânio, None, None), (Incubador de gosmas, None, None)), None)
(Barril de madeira, None, (Piso de cristal, (Caça ao tesouro, None, (Isca Mágica, (Incubadora de Avestruzes, (Cesto de Minhocas de Luxo, None, None), None), None)), None))
(Desidratador, (Cristalário, None, None), (Solo retentor, (Piso de pedra, None, None), None))
(Sementes Silvestres (Inv), (Caminho de Pedras Polidas, (Anel de Ioba, None, (Baú, None, None)), (Escadaria, None, None)), None)
(Solo Foliar, (Braseiro de mármore, None, (Carvoaria, None, (Máquina de reciclagem, None, None))), (Tocha, None, None))
(Fertilizante de Árvore, (Espantalho de luxo, None, None), (Piso de madeira, None, None))
(Barril, None, (Sementes Silvestres (Prim), (Caminho de madeira, None, (Estátua maligna, None, None)), (Torneirinha, None, None)))
(Megabomba, (Broto de Chá, None, (Filé de Inseto, None, (Fornalha, None, None))), (Solo Foliar Premium, (Piso de tijolo, None, None), None))
(Geléia do Rio, (Diamante, None, None), (Sementes Silvestres (Qualquer), None, None))
(Sementes de Jasmim-azul, None, None)
(Geléia da Caverna, (Bulbo de Tulipa, None, None), None)
(Barra de ferro, (Barra Radioativa, None, None), (Uva, (Mármore, (Minério de irídio, None, None), None), None))
(Minério de cobre, (Geléia do Mar, (Carne de inseto, None, (Cesto de minhocas, None, None)), None), (Minério de ferro, None, (Raiz-forte, None, None)))
(Carvão, None, (Qualquer peixe, (Cogumelo vermelho, None, None), None))
(Madeira de lei, (Barra de irídio, None, None), None)
(Minério de ouro, (Fibra, None, None), (Sementes de Miçanga, None, None))
(Resina de carvalho, (Minério Radioativo, (Fragmento de Brasa, None, None), None), None)
(Raiz de inverno, (Cantarelo, None, None), None)
(Barra de ouro, (Alho-poró, None, None), (Xarope de ácer, (Flor de açafrão, None, (Sementes mistas, None, None)), None))
(Lágrima congelada, None, None)
(Barra de cobre, (Asa de morcego, None, None), (Semente de ácer, None, None))
(Essência nula, (Ervilha-de-cheiro, None, None), (Fragmento de Osso, None, (Pinha, None, (Sementes de papoula, None, None))))
(Cogumelo comum, (Bolota, None, None), (Óleo, None, None))
(Pedra, (Alcatrão de pinho, None, (Narciso, (Coco, None, None), None)), (Água-marinha, None, None))
None
(Quartzo de fogo, (Fragmento prismático, None, None), None)
(Dente-de-leão, None, None)
(Cristal de terra, None, (Morel, (Dente de Dragão, None, None), None))
(Seiva, (Ameixa selvagem, None, (Amora, None, None)), (Semente antiga, None, None))
(Madeira, None, None)
(Gosma, (Café de jardim, (Alho, None, None), (Coral, None, (Gengibre, None, None))), None)
(Fruta de cristal, (Abóbora, None, None), (Inhame de neve, None, (Tecido, (Mel, None, None), (Óleo de trufas, None, None))))
None
(Conjunto de pilhas, (Avelã, None, (Com a profissão Armadilheiro: Madeira, None, None)), (Tocha, (Ouriço-do-mar, None, None), None))
(Cogumelo roxo, None, None)
(Essência solar, (Argila, None, None), (Quartzo refinado, None, None))
(Musgo, None, None)
